#
# There is insufficient memory for the Java Runtime Environment to continue.
# Native memory allocation (malloc) failed to allocate 1018816 bytes for Chunk::new
# Possible reasons:
#   The system is out of physical RAM or swap space
#   The process is running with CompressedOops enabled, and the Java Heap may be blocking the growth of the native heap
# Possible solutions:
#   Reduce memory load on the system
#   Increase physical memory or swap space
#   Check if swap backing store is full
#   Decrease Java heap size (-Xmx/-Xms)
#   Decrease number of Java threads
#   Decrease Java thread stack sizes (-Xss)
#   Set larger code cache with -XX:ReservedCodeCacheSize=
#   JVM is running with Unscaled Compressed Oops mode in which the Java heap is
#     placed in the first 4GB address space. The Java Heap base address is the
#     maximum limit for the native heap growth. Please use -XX:HeapBaseMinAddress
#     to set the Java Heap base and to place the Java Heap above 4GB virtual address.
# This output file may be truncated or incomplete.
#
#  Out of Memory Error (arena.cpp:184), pid=26404, tid=12084
#
# JRE version: OpenJDK Runtime Environment (20.0.2+9) (build 20.0.2+9-78)
# Java VM: OpenJDK 64-Bit Server VM (20.0.2+9-78, mixed mode, sharing, tiered, compressed oops, compressed class ptrs, g1 gc, windows-amd64)
# No core dump will be written. Minidumps are not enabled by default on client versions of Windows
#

---------------  S U M M A R Y ------------

Command Line: -javaagent:C:\Program Files\JetBrains\IntelliJ IDEA Community Edition 2023.2.2\lib\idea_rt.jar=56359 -Dfile.encoding=UTF-8 -Dsun.stdout.encoding=UTF-8 -Dsun.stderr.encoding=UTF-8 com.hotel.report_microservice.ReportMicroServiceApplication

Host: AMD Ryzen 5 5500U with Radeon Graphics         , 12 cores, 7G,  Windows 11 , 64 bit Build 22621 (10.0.22621.5124)
Time: Sat Apr 12 16:26:19 2025 India Standard Time elapsed time: 22.944408 seconds (0d 0h 0m 22s)

---------------  T H R E A D  ---------------

Current thread (0x000001d139847840):  JavaThread "C2 CompilerThread0" daemon [_thread_in_native, id=12084, stack(0x000000120d900000,0x000000120da00000)]


Current CompileTask:
C2:  22944 6790       4       java.lang.invoke.MemberName::getInvocationType (56 bytes)

Stack: [0x000000120d900000,0x000000120da00000]
Native frames: (J=compiled Java code, j=interpreted, Vv=VM code, C=native code)
V  [jvm.dll+0x6bc25a]
V  [jvm.dll+0x84971a]
V  [jvm.dll+0x84b315]
V  [jvm.dll+0x84ba13]
V  [jvm.dll+0x280e4f]
V  [jvm.dll+0xc2ab1]
V  [jvm.dll+0xc2dd5]
V  [jvm.dll+0x2f611f]
V  [jvm.dll+0x5e3b0b]
V  [jvm.dll+0x254684]
V  [jvm.dll+0x24cfa4]
V  [jvm.dll+0x24a819]
V  [jvm.dll+0x1ce761]
V  [jvm.dll+0x25a0eb]
V  [jvm.dll+0x2587c0]
V  [jvm.dll+0x3f2dd5]
V  [jvm.dll+0x7f5c76]
V  [jvm.dll+0x6baecb]
C  [ucrtbase.dll+0x29333]
C  [KERNEL32.DLL+0x1259d]
C  [ntdll.dll+0x5af38]


---------------  P R O C E S S  ---------------

Threads class SMR info:
_java_thread_list=0x000001d10173f7b0, length=36, elements={
0x000001d139841520, 0x000001d139842120, 0x000001d139845750, 0x000001d1398461c0,
0x000001d139848fe0, 0x000001d139849920, 0x000001d139847840, 0x000001d1398485c0,
0x000001d139806dc0, 0x000001d17f13d840, 0x000001d17f1e12b0, 0x000001d1015cd990,
0x000001d1015cd440, 0x000001d1015cf420, 0x000001d1015ce980, 0x000001d1015cdee0,
0x000001d1015cbf00, 0x000001d1015ceed0, 0x000001d1027d75a0, 0x000001d1027d5070,
0x000001d1027d6060, 0x000001d1027d65b0, 0x000001d1027d4080, 0x000001d1027d5b10,
0x000001d1027d45d0, 0x000001d1027d6b00, 0x000001d1027d55c0, 0x000001d1027d7050,
0x000001d1027d4b20, 0x000001d1007ac9d0, 0x000001d1007af450, 0x000001d1007af9a0,
0x000001d1007adf10, 0x000001d1007afef0, 0x000001d1007acf20, 0x000001d1007ad470
}

Java Threads: ( => current thread )
  0x000001d139841520 JavaThread "Reference Handler" daemon [_thread_blocked, id=3116, stack(0x000000120d300000,0x000000120d400000)]
  0x000001d139842120 JavaThread "Finalizer" daemon [_thread_blocked, id=30304, stack(0x000000120d400000,0x000000120d500000)]
  0x000001d139845750 JavaThread "Signal Dispatcher" daemon [_thread_blocked, id=29064, stack(0x000000120d500000,0x000000120d600000)]
  0x000001d1398461c0 JavaThread "Attach Listener" daemon [_thread_blocked, id=17920, stack(0x000000120d600000,0x000000120d700000)]
  0x000001d139848fe0 JavaThread "Service Thread" daemon [_thread_blocked, id=23296, stack(0x000000120d700000,0x000000120d800000)]
  0x000001d139849920 JavaThread "Monitor Deflation Thread" daemon [_thread_blocked, id=10100, stack(0x000000120d800000,0x000000120d900000)]
=>0x000001d139847840 JavaThread "C2 CompilerThread0" daemon [_thread_in_native, id=12084, stack(0x000000120d900000,0x000000120da00000)]
  0x000001d1398485c0 JavaThread "C1 CompilerThread0" daemon [_thread_blocked, id=24480, stack(0x000000120da00000,0x000000120db00000)]
  0x000001d139806dc0 JavaThread "Common-Cleaner" daemon [_thread_blocked, id=14460, stack(0x000000120db00000,0x000000120dc00000)]
  0x000001d17f13d840 JavaThread "Monitor Ctrl-Break" daemon [_thread_in_native, id=16868, stack(0x000000120dd00000,0x000000120de00000)]
  0x000001d17f1e12b0 JavaThread "Notification Thread" daemon [_thread_blocked, id=5392, stack(0x000000120de00000,0x000000120df00000)]
  0x000001d1015cd990 JavaThread "Catalina-utility-1" [_thread_blocked, id=16176, stack(0x000000120ed00000,0x000000120ee00000)]
  0x000001d1015cd440 JavaThread "Catalina-utility-2" [_thread_blocked, id=20880, stack(0x000000120ee00000,0x000000120ef00000)]
  0x000001d1015cf420 JavaThread "container-0" [_thread_blocked, id=7020, stack(0x000000120ef00000,0x000000120f000000)]
  0x000001d1015ce980 JavaThread "mysql-cj-abandoned-connection-cleanup" daemon [_thread_blocked, id=29668, stack(0x000000120f000000,0x000000120f100000)]
  0x000001d1015cdee0 JavaThread "HikariPool-1 housekeeper" daemon [_thread_blocked, id=24980, stack(0x000000120f200000,0x000000120f300000)]
  0x000001d1015cbf00 JavaThread "File Watcher" daemon [_thread_blocked, id=11376, stack(0x000000120dc00000,0x000000120dd00000)]
  0x000001d1015ceed0 JavaThread "spring.cloud.inetutils" daemon [_thread_blocked, id=7316, stack(0x000000120f400000,0x000000120f500000)]
  0x000001d1027d75a0 JavaThread "spectator-gauge-polling-0" daemon [_thread_blocked, id=8128, stack(0x000000120f500000,0x000000120f600000)]
  0x000001d1027d5070 JavaThread "AsyncResolver-bootstrap-%d" daemon [_thread_blocked, id=3148, stack(0x000000120f600000,0x000000120f700000)]
  0x000001d1027d6060 JavaThread "DiscoveryClient-%d" daemon [_thread_blocked, id=19180, stack(0x000000120f700000,0x000000120f800000)]
  0x000001d1027d65b0 JavaThread "DiscoveryClient-%d" daemon [_thread_blocked, id=17248, stack(0x000000120f800000,0x000000120f900000)]
  0x000001d1027d4080 JavaThread "DiscoveryClient-InstanceInfoReplicator-%d" daemon [_thread_blocked, id=30044, stack(0x000000120f900000,0x000000120fa00000)]
  0x000001d1027d5b10 JavaThread "http-nio-8091-exec-1" daemon [_thread_in_vm, id=17100, stack(0x000000120fa00000,0x000000120fb00000)]
  0x000001d1027d45d0 JavaThread "http-nio-8091-exec-2" daemon [_thread_blocked, id=28440, stack(0x000000120fb00000,0x000000120fc00000)]
  0x000001d1027d6b00 JavaThread "http-nio-8091-exec-3" daemon [_thread_blocked, id=18616, stack(0x000000120fc00000,0x000000120fd00000)]
  0x000001d1027d55c0 JavaThread "http-nio-8091-exec-4" daemon [_thread_blocked, id=30292, stack(0x000000120fd00000,0x000000120fe00000)]
  0x000001d1027d7050 JavaThread "http-nio-8091-exec-5" daemon [_thread_blocked, id=3788, stack(0x000000120fe00000,0x000000120ff00000)]
  0x000001d1027d4b20 JavaThread "http-nio-8091-exec-6" daemon [_thread_blocked, id=23232, stack(0x000000120ff00000,0x0000001210000000)]
  0x000001d1007ac9d0 JavaThread "http-nio-8091-exec-7" daemon [_thread_blocked, id=15036, stack(0x0000001210000000,0x0000001210100000)]
  0x000001d1007af450 JavaThread "http-nio-8091-exec-8" daemon [_thread_blocked, id=20112, stack(0x0000001210100000,0x0000001210200000)]
  0x000001d1007af9a0 JavaThread "http-nio-8091-exec-9" daemon [_thread_blocked, id=20380, stack(0x0000001210200000,0x0000001210300000)]
  0x000001d1007adf10 JavaThread "http-nio-8091-exec-10" daemon [_thread_blocked, id=11672, stack(0x0000001210300000,0x0000001210400000)]
  0x000001d1007afef0 JavaThread "http-nio-8091-Poller" daemon [_thread_in_native, id=6992, stack(0x0000001210400000,0x0000001210500000)]
  0x000001d1007acf20 JavaThread "http-nio-8091-Acceptor" daemon [_thread_in_native, id=26156, stack(0x0000001210500000,0x0000001210600000)]
  0x000001d1007ad470 JavaThread "DestroyJavaVM" [_thread_blocked, id=12872, stack(0x000000120cc00000,0x000000120cd00000)]

Other Threads:
  0x000001d13981e6e0 VMThread "VM Thread" [stack: 0x000000120d200000,0x000000120d300000] [id=17436]
  0x000001d17effecb0 WatcherThread "VM Periodic Task Thread" [stack: 0x000000120df00000,0x000000120e000000] [id=14900]
  0x000001d11cdd1230 WorkerThread "GC Thread#0" [stack: 0x000000120cd00000,0x000000120ce00000] [id=18656]
  0x000001d17f637540 WorkerThread "GC Thread#1" [stack: 0x000000120e000000,0x000000120e100000] [id=27736]
  0x000001d17f51d690 WorkerThread "GC Thread#2" [stack: 0x000000120e100000,0x000000120e200000] [id=29284]
  0x000001d17f51d3c0 WorkerThread "GC Thread#3" [stack: 0x000000120e200000,0x000000120e300000] [id=12708]
  0x000001d17f51d960 WorkerThread "GC Thread#4" [stack: 0x000000120e300000,0x000000120e400000] [id=27656]
  0x000001d17f51ce20 WorkerThread "GC Thread#5" [stack: 0x000000120e600000,0x000000120e700000] [id=1972]
  0x000001d17f51dc30 WorkerThread "GC Thread#6" [stack: 0x000000120e700000,0x000000120e800000] [id=9936]
  0x000001d17f51d0f0 WorkerThread "GC Thread#7" [stack: 0x000000120e900000,0x000000120ea00000] [id=23704]
  0x000001d100b9c8a0 WorkerThread "GC Thread#8" [stack: 0x000000120ea00000,0x000000120eb00000] [id=17996]
  0x000001d100b9b220 WorkerThread "GC Thread#9" [stack: 0x000000120eb00000,0x000000120ec00000] [id=20936]
  0x000001d11cde0bc0 ConcurrentGCThread "G1 Main Marker" [stack: 0x000000120ce00000,0x000000120cf00000] [id=27060]
  0x000001d11cde1790 WorkerThread "G1 Conc#0" [stack: 0x000000120cf00000,0x000000120d000000] [id=30452]
  0x000001d100b9a9b0 WorkerThread "G1 Conc#1" [stack: 0x000000120e800000,0x000000120e900000] [id=30232]
  0x000001d100b998d0 WorkerThread "G1 Conc#2" [stack: 0x000000120ec00000,0x000000120ed00000] [id=22984]
  0x000001d11ce1e9e0 ConcurrentGCThread "G1 Refine#0" [stack: 0x000000120d000000,0x000000120d100000] [id=11296]
  0x000001d1396db6c0 ConcurrentGCThread "G1 Service" [stack: 0x000000120d100000,0x000000120d200000] [id=21564]

Threads with active compile tasks:
C2 CompilerThread0    22972 6790       4       java.lang.invoke.MemberName::getInvocationType (56 bytes)

VM state: not at safepoint (normal execution)

VM Mutex/Monitor currently owned by a thread: None

Heap address: 0x000000008ac00000, size: 1876 MB, Compressed Oops mode: 32-bit

CDS archive(s) mapped at: [0x000001d139c00000-0x000001d13a860000-0x000001d13a860000), size 12976128, SharedBaseAddress: 0x000001d139c00000, ArchiveRelocationMode: 1.
Compressed class space mapped at: 0x000001d13ac00000-0x000001d17ac00000, reserved size: 1073741824
Narrow klass base: 0x000001d139c00000, Narrow klass shift: 0, Narrow klass range: 0x100000000

GC Precious Log:
 CardTable entry size: 512
 Card Set container configuration: InlinePtr #cards 5 size 8 Array Of Cards #cards 12 size 40 Howl #buckets 4 coarsen threshold 1843 Howl Bitmap #cards 512 size 80 coarsen threshold 460 Card regions per heap region 1 cards per card region 2048
 CPUs: 12 total, 12 available
 Memory: 7501M
 Large Page Support: Disabled
 NUMA Support: Disabled
 Compressed Oops: Enabled (32-bit)
 Heap Region Size: 1M
 Heap Min Capacity: 8M
 Heap Initial Capacity: 118M
 Heap Max Capacity: 1876M
 Pre-touch: Disabled
 Parallel Workers: 10
 Concurrent Workers: 3
 Concurrent Refinement Workers: 10
 Periodic GC: Disabled

Heap:
 garbage-first heap   total 91136K, used 58188K [0x000000008ac00000, 0x0000000100000000)
  region size 1024K, 21 young (21504K), 4 survivors (4096K)
 Metaspace       used 76649K, committed 77376K, reserved 1179648K
  class space    used 10241K, committed 10560K, reserved 1048576K

Heap Regions: E=young(eden), S=young(survivor), O=old, HS=humongous(starts), HC=humongous(continues), CS=collection set, F=free, OA=open archive, CA=closed archive, TAMS=top-at-mark-start, PB=parsable bottom
|   0|0x000000008ac00000, 0x000000008ad00000, 0x000000008ad00000|100%|HS|  |TAMS 0x000000008ac00000| PB 0x000000008ac00000| Complete 
|   1|0x000000008ad00000, 0x000000008ae00000, 0x000000008ae00000|100%|HS|  |TAMS 0x000000008ad00000| PB 0x000000008ad00000| Complete 
|   2|0x000000008ae00000, 0x000000008af00000, 0x000000008af00000|100%|HS|  |TAMS 0x000000008ae00000| PB 0x000000008ae00000| Complete 
|   3|0x000000008af00000, 0x000000008b000000, 0x000000008b000000|100%| O|  |TAMS 0x000000008af00000| PB 0x000000008af00000| Untracked 
|   4|0x000000008b000000, 0x000000008b100000, 0x000000008b100000|100%| O|  |TAMS 0x000000008b000000| PB 0x000000008b000000| Untracked 
|   5|0x000000008b100000, 0x000000008b200000, 0x000000008b200000|100%| O|  |TAMS 0x000000008b100000| PB 0x000000008b100000| Untracked 
|   6|0x000000008b200000, 0x000000008b300000, 0x000000008b300000|100%| O|  |TAMS 0x000000008b200000| PB 0x000000008b200000| Untracked 
|   7|0x000000008b300000, 0x000000008b400000, 0x000000008b400000|100%| O|  |TAMS 0x000000008b300000| PB 0x000000008b300000| Untracked 
|   8|0x000000008b400000, 0x000000008b500000, 0x000000008b500000|100%| O|  |TAMS 0x000000008b400000| PB 0x000000008b400000| Untracked 
|   9|0x000000008b500000, 0x000000008b600000, 0x000000008b600000|100%| O|  |TAMS 0x000000008b500000| PB 0x000000008b500000| Untracked 
|  10|0x000000008b600000, 0x000000008b700000, 0x000000008b700000|100%| O|  |TAMS 0x000000008b600000| PB 0x000000008b600000| Untracked 
|  11|0x000000008b700000, 0x000000008b800000, 0x000000008b800000|100%| O|  |TAMS 0x000000008b700000| PB 0x000000008b700000| Untracked 
|  12|0x000000008b800000, 0x000000008b900000, 0x000000008b900000|100%| O|  |TAMS 0x000000008b800000| PB 0x000000008b800000| Untracked 
|  13|0x000000008b900000, 0x000000008ba00000, 0x000000008ba00000|100%| O|  |TAMS 0x000000008b900000| PB 0x000000008b900000| Untracked 
|  14|0x000000008ba00000, 0x000000008ba00000, 0x000000008bb00000|  0%| F|  |TAMS 0x000000008ba00000| PB 0x000000008ba00000| Untracked 
|  15|0x000000008bb00000, 0x000000008bc00000, 0x000000008bc00000|100%| O|  |TAMS 0x000000008bb00000| PB 0x000000008bb00000| Untracked 
|  16|0x000000008bc00000, 0x000000008bd00000, 0x000000008bd00000|100%| O|  |TAMS 0x000000008bc00000| PB 0x000000008bc00000| Untracked 
|  17|0x000000008bd00000, 0x000000008bde8e00, 0x000000008be00000| 90%| O|  |TAMS 0x000000008bd00000| PB 0x000000008bd00000| Untracked 
|  18|0x000000008be00000, 0x000000008bf00000, 0x000000008bf00000|100%| O|  |TAMS 0x000000008be00000| PB 0x000000008be00000| Untracked 
|  19|0x000000008bf00000, 0x000000008c000000, 0x000000008c000000|100%| O|  |TAMS 0x000000008bf00000| PB 0x000000008bf00000| Untracked 
|  20|0x000000008c000000, 0x000000008c100000, 0x000000008c100000|100%| O|  |TAMS 0x000000008c000000| PB 0x000000008c000000| Untracked 
|  21|0x000000008c100000, 0x000000008c200000, 0x000000008c200000|100%| O|  |TAMS 0x000000008c100000| PB 0x000000008c100000| Untracked 
|  22|0x000000008c200000, 0x000000008c300000, 0x000000008c300000|100%| O|  |TAMS 0x000000008c200000| PB 0x000000008c200000| Untracked 
|  23|0x000000008c300000, 0x000000008c400000, 0x000000008c400000|100%| O|  |TAMS 0x000000008c300000| PB 0x000000008c300000| Untracked 
|  24|0x000000008c400000, 0x000000008c500000, 0x000000008c500000|100%| O|  |TAMS 0x000000008c400000| PB 0x000000008c400000| Untracked 
|  25|0x000000008c500000, 0x000000008c600000, 0x000000008c600000|100%| O|  |TAMS 0x000000008c500000| PB 0x000000008c500000| Untracked 
|  26|0x000000008c600000, 0x000000008c700000, 0x000000008c700000|100%| O|  |TAMS 0x000000008c600000| PB 0x000000008c600000| Untracked 
|  27|0x000000008c700000, 0x000000008c800000, 0x000000008c800000|100%| O|  |TAMS 0x000000008c700000| PB 0x000000008c700000| Untracked 
|  28|0x000000008c800000, 0x000000008c900000, 0x000000008c900000|100%| O|  |TAMS 0x000000008c800000| PB 0x000000008c800000| Untracked 
|  29|0x000000008c900000, 0x000000008ca00000, 0x000000008ca00000|100%| O|  |TAMS 0x000000008c900000| PB 0x000000008c900000| Untracked 
|  30|0x000000008ca00000, 0x000000008cb00000, 0x000000008cb00000|100%| O|  |TAMS 0x000000008ca00000| PB 0x000000008ca00000| Untracked 
|  31|0x000000008cb00000, 0x000000008cc00000, 0x000000008cc00000|100%| O|  |TAMS 0x000000008cb00000| PB 0x000000008cb00000| Untracked 
|  32|0x000000008cc00000, 0x000000008cd00000, 0x000000008cd00000|100%| O|  |TAMS 0x000000008cc00000| PB 0x000000008cc00000| Untracked 
|  33|0x000000008cd00000, 0x000000008ce00000, 0x000000008ce00000|100%| O|  |TAMS 0x000000008cd00000| PB 0x000000008cd00000| Untracked 
|  34|0x000000008ce00000, 0x000000008cf00000, 0x000000008cf00000|100%| O|  |TAMS 0x000000008ce00000| PB 0x000000008ce00000| Untracked 
|  35|0x000000008cf00000, 0x000000008d000000, 0x000000008d000000|100%| O|  |TAMS 0x000000008cf00000| PB 0x000000008cf00000| Untracked 
|  36|0x000000008d000000, 0x000000008d100000, 0x000000008d100000|100%| O|  |TAMS 0x000000008d000000| PB 0x000000008d000000| Untracked 
|  37|0x000000008d100000, 0x000000008d100000, 0x000000008d200000|  0%| F|  |TAMS 0x000000008d100000| PB 0x000000008d100000| Untracked 
|  38|0x000000008d200000, 0x000000008d200000, 0x000000008d300000|  0%| F|  |TAMS 0x000000008d200000| PB 0x000000008d200000| Untracked 
|  39|0x000000008d300000, 0x000000008d300000, 0x000000008d400000|  0%| F|  |TAMS 0x000000008d300000| PB 0x000000008d300000| Untracked 
|  40|0x000000008d400000, 0x000000008d400000, 0x000000008d500000|  0%| F|  |TAMS 0x000000008d400000| PB 0x000000008d400000| Untracked 
|  41|0x000000008d500000, 0x000000008d500000, 0x000000008d600000|  0%| F|  |TAMS 0x000000008d500000| PB 0x000000008d500000| Untracked 
|  42|0x000000008d600000, 0x000000008d600000, 0x000000008d700000|  0%| F|  |TAMS 0x000000008d600000| PB 0x000000008d600000| Untracked 
|  43|0x000000008d700000, 0x000000008d800000, 0x000000008d800000|100%| O|  |TAMS 0x000000008d700000| PB 0x000000008d700000| Untracked 
|  44|0x000000008d800000, 0x000000008d900000, 0x000000008d900000|100%| O|  |TAMS 0x000000008d800000| PB 0x000000008d800000| Untracked 
|  45|0x000000008d900000, 0x000000008d96aa00, 0x000000008da00000| 41%| O|  |TAMS 0x000000008d900000| PB 0x000000008d900000| Untracked 
|  46|0x000000008da00000, 0x000000008da00000, 0x000000008db00000|  0%| F|  |TAMS 0x000000008da00000| PB 0x000000008da00000| Untracked 
|  47|0x000000008db00000, 0x000000008db7f968, 0x000000008dc00000| 49%| S|CS|TAMS 0x000000008db00000| PB 0x000000008db00000| Complete 
|  48|0x000000008dc00000, 0x000000008dd00000, 0x000000008dd00000|100%| S|CS|TAMS 0x000000008dc00000| PB 0x000000008dc00000| Complete 
|  49|0x000000008dd00000, 0x000000008de00000, 0x000000008de00000|100%| S|CS|TAMS 0x000000008dd00000| PB 0x000000008dd00000| Complete 
|  50|0x000000008de00000, 0x000000008df00000, 0x000000008df00000|100%| S|CS|TAMS 0x000000008de00000| PB 0x000000008de00000| Complete 
|  51|0x000000008df00000, 0x000000008df00000, 0x000000008e000000|  0%| F|  |TAMS 0x000000008df00000| PB 0x000000008df00000| Untracked 
|  52|0x000000008e000000, 0x000000008e000000, 0x000000008e100000|  0%| F|  |TAMS 0x000000008e000000| PB 0x000000008e000000| Untracked 
|  53|0x000000008e100000, 0x000000008e100000, 0x000000008e200000|  0%| F|  |TAMS 0x000000008e100000| PB 0x000000008e100000| Untracked 
|  54|0x000000008e200000, 0x000000008e200000, 0x000000008e300000|  0%| F|  |TAMS 0x000000008e200000| PB 0x000000008e200000| Untracked 
|  55|0x000000008e300000, 0x000000008e300000, 0x000000008e400000|  0%| F|  |TAMS 0x000000008e300000| PB 0x000000008e300000| Untracked 
|  56|0x000000008e400000, 0x000000008e400000, 0x000000008e500000|  0%| F|  |TAMS 0x000000008e400000| PB 0x000000008e400000| Untracked 
|  57|0x000000008e500000, 0x000000008e500000, 0x000000008e600000|  0%| F|  |TAMS 0x000000008e500000| PB 0x000000008e500000| Untracked 
|  58|0x000000008e600000, 0x000000008e600000, 0x000000008e700000|  0%| F|  |TAMS 0x000000008e600000| PB 0x000000008e600000| Untracked 
|  59|0x000000008e700000, 0x000000008e700000, 0x000000008e800000|  0%| F|  |TAMS 0x000000008e700000| PB 0x000000008e700000| Untracked 
|  60|0x000000008e800000, 0x000000008e800000, 0x000000008e900000|  0%| F|  |TAMS 0x000000008e800000| PB 0x000000008e800000| Untracked 
|  61|0x000000008e900000, 0x000000008e900000, 0x000000008ea00000|  0%| F|  |TAMS 0x000000008e900000| PB 0x000000008e900000| Untracked 
|  62|0x000000008ea00000, 0x000000008ea00000, 0x000000008eb00000|  0%| F|  |TAMS 0x000000008ea00000| PB 0x000000008ea00000| Untracked 
|  63|0x000000008eb00000, 0x000000008eb00000, 0x000000008ec00000|  0%| F|  |TAMS 0x000000008eb00000| PB 0x000000008eb00000| Untracked 
|  64|0x000000008ec00000, 0x000000008ec00000, 0x000000008ed00000|  0%| F|  |TAMS 0x000000008ec00000| PB 0x000000008ec00000| Untracked 
|  65|0x000000008ed00000, 0x000000008ed00000, 0x000000008ee00000|  0%| F|  |TAMS 0x000000008ed00000| PB 0x000000008ed00000| Untracked 
|  66|0x000000008ee00000, 0x000000008ee00000, 0x000000008ef00000|  0%| F|  |TAMS 0x000000008ee00000| PB 0x000000008ee00000| Untracked 
|  67|0x000000008ef00000, 0x000000008ef00000, 0x000000008f000000|  0%| F|  |TAMS 0x000000008ef00000| PB 0x000000008ef00000| Untracked 
|  68|0x000000008f000000, 0x000000008f000000, 0x000000008f100000|  0%| F|  |TAMS 0x000000008f000000| PB 0x000000008f000000| Untracked 
|  69|0x000000008f100000, 0x000000008f100000, 0x000000008f200000|  0%| F|  |TAMS 0x000000008f100000| PB 0x000000008f100000| Untracked 
|  70|0x000000008f200000, 0x000000008f200000, 0x000000008f300000|  0%| F|  |TAMS 0x000000008f200000| PB 0x000000008f200000| Untracked 
|  71|0x000000008f300000, 0x000000008f300000, 0x000000008f400000|  0%| F|  |TAMS 0x000000008f300000| PB 0x000000008f300000| Untracked 
|  72|0x000000008f400000, 0x000000008f485870, 0x000000008f500000| 52%| E|  |TAMS 0x000000008f400000| PB 0x000000008f400000| Complete 
|  73|0x000000008f500000, 0x000000008f600000, 0x000000008f600000|100%| E|  |TAMS 0x000000008f500000| PB 0x000000008f500000| Complete 
|  74|0x000000008f600000, 0x000000008f700000, 0x000000008f700000|100%| E|CS|TAMS 0x000000008f600000| PB 0x000000008f600000| Complete 
|  75|0x000000008f700000, 0x000000008f800000, 0x000000008f800000|100%| E|CS|TAMS 0x000000008f700000| PB 0x000000008f700000| Complete 
|  76|0x000000008f800000, 0x000000008f900000, 0x000000008f900000|100%| E|CS|TAMS 0x000000008f800000| PB 0x000000008f800000| Complete 
|  77|0x000000008f900000, 0x000000008fa00000, 0x000000008fa00000|100%| E|CS|TAMS 0x000000008f900000| PB 0x000000008f900000| Complete 
|  78|0x000000008fa00000, 0x000000008fb00000, 0x000000008fb00000|100%| E|CS|TAMS 0x000000008fa00000| PB 0x000000008fa00000| Complete 
|  79|0x000000008fb00000, 0x000000008fc00000, 0x000000008fc00000|100%| E|CS|TAMS 0x000000008fb00000| PB 0x000000008fb00000| Complete 
|  80|0x000000008fc00000, 0x000000008fd00000, 0x000000008fd00000|100%| E|CS|TAMS 0x000000008fc00000| PB 0x000000008fc00000| Complete 
|  81|0x000000008fd00000, 0x000000008fe00000, 0x000000008fe00000|100%| E|CS|TAMS 0x000000008fd00000| PB 0x000000008fd00000| Complete 
|  88|0x0000000090400000, 0x0000000090500000, 0x0000000090500000|100%| E|CS|TAMS 0x0000000090400000| PB 0x0000000090400000| Complete 
|  89|0x0000000090500000, 0x0000000090600000, 0x0000000090600000|100%| E|CS|TAMS 0x0000000090500000| PB 0x0000000090500000| Complete 
|  90|0x0000000090600000, 0x0000000090700000, 0x0000000090700000|100%| E|CS|TAMS 0x0000000090600000| PB 0x0000000090600000| Complete 
|  91|0x0000000090700000, 0x0000000090800000, 0x0000000090800000|100%| E|CS|TAMS 0x0000000090700000| PB 0x0000000090700000| Complete 
|  92|0x0000000090800000, 0x0000000090900000, 0x0000000090900000|100%| E|CS|TAMS 0x0000000090800000| PB 0x0000000090800000| Complete 
|  93|0x0000000090900000, 0x0000000090a00000, 0x0000000090a00000|100%| E|CS|TAMS 0x0000000090900000| PB 0x0000000090900000| Complete 
| 117|0x0000000092100000, 0x0000000092200000, 0x0000000092200000|100%| E|CS|TAMS 0x0000000092100000| PB 0x0000000092100000| Complete 

Card table byte_map: [0x000001d134720000,0x000001d134ad0000] _byte_map_base: 0x000001d1342ca000

Marking Bits: (CMBitMap*) 0x000001d11cdd1860
 Bits: [0x000001d134e80000, 0x000001d136bd0000)

Polling page: 0x000001d11ace0000

Metaspace:

Usage:
  Non-class:     64.87 MB used.
      Class:     10.00 MB used.
       Both:     74.87 MB used.

Virtual space:
  Non-class space:      128.00 MB reserved,      65.31 MB ( 51%) committed,  2 nodes.
      Class space:        1.00 GB reserved,      10.31 MB (  1%) committed,  1 nodes.
             Both:        1.12 GB reserved,      75.62 MB (  7%) committed. 

Chunk freelists:
   Non-Class:  2.36 MB
       Class:  1.56 MB
        Both:  3.92 MB

MaxMetaspaceSize: unlimited
CompressedClassSpaceSize: 1.00 GB
Initial GC threshold: 21.00 MB
Current GC threshold: 98.69 MB
CDS: on
MetaspaceReclaimPolicy: balanced
 - commit_granule_bytes: 65536.
 - commit_granule_words: 8192.
 - virtual_space_node_default_size: 8388608.
 - enlarge_chunks_in_place: 1.
 - new_chunks_are_fully_committed: 0.
 - uncommit_free_chunks: 1.
 - use_allocation_guard: 0.


Internal statistics:

num_allocs_failed_limit: 12.
num_arena_births: 1128.
num_arena_deaths: 0.
num_vsnodes_births: 3.
num_vsnodes_deaths: 0.
num_space_committed: 1210.
num_space_uncommitted: 0.
num_chunks_returned_to_freelist: 12.
num_chunks_taken_from_freelist: 3899.
num_chunk_merges: 12.
num_chunk_splits: 2769.
num_chunks_enlarged: 2115.
num_inconsistent_stats: 0.

CodeHeap 'non-profiled nmethods': size=120000Kb used=3838Kb max_used=3838Kb free=116161Kb
 bounds [0x000001d12c8f0000, 0x000001d12ccb0000, 0x000001d133e20000]
CodeHeap 'profiled nmethods': size=120000Kb used=11896Kb max_used=11896Kb free=108103Kb
 bounds [0x000001d124e20000, 0x000001d1259c0000, 0x000001d12c350000]
CodeHeap 'non-nmethods': size=5760Kb used=1786Kb max_used=1826Kb free=3973Kb
 bounds [0x000001d12c350000, 0x000001d12c5c0000, 0x000001d12c8f0000]
 total_blobs=6788 nmethods=6043 adapters=655
 compilation: enabled
              stopped_count=0, restarted_count=0
 full_count=0

Compilation events (20 events):
Event: 22.898 Thread 0x000001d1398485c0 6802       3       org.springframework.core.annotation.AnnotationTypeMapping::processAliases (199 bytes)
Event: 22.899 Thread 0x000001d1398485c0 nmethod 6802 0x000001d1259b7710 code [0x000001d1259b79a0, 0x000001d1259b8748]
Event: 22.899 Thread 0x000001d1398485c0 6805       3       java.util.ArrayDeque::addLast (51 bytes)
Event: 22.899 Thread 0x000001d1398485c0 nmethod 6805 0x000001d1259b8d90 code [0x000001d1259b8f60, 0x000001d1259b9428]
Event: 22.899 Thread 0x000001d1398485c0 6803       3       java.util.ArrayList::forEach (74 bytes)
Event: 22.899 Thread 0x000001d1398485c0 nmethod 6803 0x000001d1259b9610 code [0x000001d1259b9800, 0x000001d1259b9df0]
Event: 22.900 Thread 0x000001d1398485c0 6804       1       org.springframework.core.annotation.AnnotationTypeMapping$MirrorSets$MirrorSet::size (5 bytes)
Event: 22.900 Thread 0x000001d1398485c0 nmethod 6804 0x000001d12ccaf890 code [0x000001d12ccafa00, 0x000001d12ccafac8]
Event: 22.901 Thread 0x000001d1398485c0 6806       3       java.lang.invoke.MethodHandles$Lookup::linkMethodHandleConstant (223 bytes)
Event: 22.902 Thread 0x000001d1398485c0 nmethod 6806 0x000001d1259ba090 code [0x000001d1259ba440, 0x000001d1259bbd50]
Event: 22.902 Thread 0x000001d1398485c0 6807   !   3       jdk.proxy1.$Proxy4::annotationType (29 bytes)
Event: 22.902 Thread 0x000001d1398485c0 nmethod 6807 0x000001d1259bc490 code [0x000001d1259bc640, 0x000001d1259bca30]
Event: 22.903 Thread 0x000001d1398485c0 6808       3       org.springframework.core.annotation.AnnotationTypeMapping$$Lambda$396/0x000001d13adffa50::apply (8 bytes)
Event: 22.903 Thread 0x000001d1398485c0 nmethod 6808 0x000001d1259bcc10 code [0x000001d1259bcde0, 0x000001d1259bd290]
Event: 22.910 Thread 0x000001d1398485c0 6809       3       org.springframework.core.annotation.AnnotationTypeMapping::isCompatibleReturnType (19 bytes)
Event: 22.911 Thread 0x000001d1398485c0 nmethod 6809 0x000001d1259bd410 code [0x000001d1259bd5c0, 0x000001d1259bd860]
Event: 22.911 Thread 0x000001d1398485c0 6810       3       org.springframework.core.annotation.AnnotationTypeMapping::isAliasPair (17 bytes)
Event: 22.911 Thread 0x000001d1398485c0 nmethod 6810 0x000001d1259bd990 code [0x000001d1259bdb20, 0x000001d1259bdcb0]
Event: 22.919 Thread 0x000001d1398485c0 6811       3       com.mysql.cj.telemetry.TelemetrySpan::setAttribute (1 bytes)
Event: 22.919 Thread 0x000001d1398485c0 nmethod 6811 0x000001d1259bdd90 code [0x000001d1259bdf20, 0x000001d1259be030]

GC Heap History (20 events):
Event: 2.555 GC heap before
{Heap before GC invocations=3 (full 0):
 garbage-first heap   total 120832K, used 43953K [0x000000008ac00000, 0x0000000100000000)
  region size 1024K, 29 young (29696K), 5 survivors (5120K)
 Metaspace       used 21153K, committed 21504K, reserved 1114112K
  class space    used 2515K, committed 2688K, reserved 1048576K
}
Event: 2.559 GC heap after
{Heap after GC invocations=4 (full 0):
 garbage-first heap   total 120832K, used 24483K [0x000000008ac00000, 0x0000000100000000)
  region size 1024K, 6 young (6144K), 6 survivors (6144K)
 Metaspace       used 21153K, committed 21504K, reserved 1114112K
  class space    used 2515K, committed 2688K, reserved 1048576K
}
Event: 3.466 GC heap before
{Heap before GC invocations=5 (full 0):
 garbage-first heap   total 75776K, used 59299K [0x000000008ac00000, 0x0000000100000000)
  region size 1024K, 44 young (45056K), 6 survivors (6144K)
 Metaspace       used 26106K, committed 26432K, reserved 1114112K
  class space    used 3266K, committed 3392K, reserved 1048576K
}
Event: 3.472 GC heap after
{Heap after GC invocations=6 (full 0):
 garbage-first heap   total 75776K, used 23796K [0x000000008ac00000, 0x0000000100000000)
  region size 1024K, 6 young (6144K), 6 survivors (6144K)
 Metaspace       used 26106K, committed 26432K, reserved 1114112K
  class space    used 3266K, committed 3392K, reserved 1048576K
}
Event: 4.328 GC heap before
{Heap before GC invocations=6 (full 0):
 garbage-first heap   total 75776K, used 58612K [0x000000008ac00000, 0x0000000100000000)
  region size 1024K, 40 young (40960K), 6 survivors (6144K)
 Metaspace       used 31253K, committed 31680K, reserved 1114112K
  class space    used 3979K, committed 4160K, reserved 1048576K
}
Event: 4.334 GC heap after
{Heap after GC invocations=7 (full 0):
 garbage-first heap   total 75776K, used 26407K [0x000000008ac00000, 0x0000000100000000)
  region size 1024K, 4 young (4096K), 4 survivors (4096K)
 Metaspace       used 31253K, committed 31680K, reserved 1114112K
  class space    used 3979K, committed 4160K, reserved 1048576K
}
Event: 4.699 GC heap before
{Heap before GC invocations=7 (full 0):
 garbage-first heap   total 75776K, used 66343K [0x000000008ac00000, 0x0000000100000000)
  region size 1024K, 37 young (37888K), 4 survivors (4096K)
 Metaspace       used 33272K, committed 33792K, reserved 1114112K
  class space    used 4260K, committed 4480K, reserved 1048576K
}
Event: 4.704 GC heap after
{Heap after GC invocations=8 (full 0):
 garbage-first heap   total 75776K, used 30257K [0x000000008ac00000, 0x0000000100000000)
  region size 1024K, 4 young (4096K), 4 survivors (4096K)
 Metaspace       used 33272K, committed 33792K, reserved 1114112K
  class space    used 4260K, committed 4480K, reserved 1048576K
}
Event: 4.940 GC heap before
{Heap before GC invocations=8 (full 0):
 garbage-first heap   total 75776K, used 37425K [0x000000008ac00000, 0x0000000100000000)
  region size 1024K, 12 young (12288K), 4 survivors (4096K)
 Metaspace       used 35454K, committed 35968K, reserved 1114112K
  class space    used 4544K, committed 4800K, reserved 1048576K
}
Event: 4.943 GC heap after
{Heap after GC invocations=9 (full 0):
 garbage-first heap   total 75776K, used 31241K [0x000000008ac00000, 0x0000000100000000)
  region size 1024K, 1 young (1024K), 1 survivors (1024K)
 Metaspace       used 35454K, committed 35968K, reserved 1114112K
  class space    used 4544K, committed 4800K, reserved 1048576K
}
Event: 6.043 GC heap before
{Heap before GC invocations=10 (full 0):
 garbage-first heap   total 75776K, used 64009K [0x000000008ac00000, 0x0000000100000000)
  region size 1024K, 33 young (33792K), 1 survivors (1024K)
 Metaspace       used 47199K, committed 47744K, reserved 1114112K
  class space    used 6147K, committed 6400K, reserved 1048576K
}
Event: 6.046 GC heap after
{Heap after GC invocations=11 (full 0):
 garbage-first heap   total 91136K, used 33881K [0x000000008ac00000, 0x0000000100000000)
  region size 1024K, 4 young (4096K), 4 survivors (4096K)
 Metaspace       used 47199K, committed 47744K, reserved 1114112K
  class space    used 6147K, committed 6400K, reserved 1048576K
}
Event: 6.972 GC heap before
{Heap before GC invocations=11 (full 0):
 garbage-first heap   total 91136K, used 75865K [0x000000008ac00000, 0x0000000100000000)
  region size 1024K, 47 young (48128K), 4 survivors (4096K)
 Metaspace       used 59637K, committed 60160K, reserved 1114112K
  class space    used 7953K, committed 8192K, reserved 1048576K
}
Event: 6.976 GC heap after
{Heap after GC invocations=12 (full 0):
 garbage-first heap   total 91136K, used 35901K [0x000000008ac00000, 0x0000000100000000)
  region size 1024K, 6 young (6144K), 6 survivors (6144K)
 Metaspace       used 59637K, committed 60160K, reserved 1114112K
  class space    used 7953K, committed 8192K, reserved 1048576K
}
Event: 6.995 GC heap before
{Heap before GC invocations=12 (full 0):
 garbage-first heap   total 91136K, used 36925K [0x000000008ac00000, 0x0000000100000000)
  region size 1024K, 8 young (8192K), 6 survivors (6144K)
 Metaspace       used 59952K, committed 60480K, reserved 1114112K
  class space    used 8004K, committed 8256K, reserved 1048576K
}
Event: 6.999 GC heap after
{Heap after GC invocations=13 (full 0):
 garbage-first heap   total 91136K, used 36080K [0x000000008ac00000, 0x0000000100000000)
  region size 1024K, 3 young (3072K), 3 survivors (3072K)
 Metaspace       used 59952K, committed 60480K, reserved 1114112K
  class space    used 8004K, committed 8256K, reserved 1048576K
}
Event: 7.860 GC heap before
{Heap before GC invocations=14 (full 0):
 garbage-first heap   total 91136K, used 80112K [0x000000008ac00000, 0x0000000100000000)
  region size 1024K, 46 young (47104K), 3 survivors (3072K)
 Metaspace       used 66889K, committed 67648K, reserved 1114112K
  class space    used 8921K, committed 9280K, reserved 1048576K
}
Event: 7.865 GC heap after
{Heap after GC invocations=15 (full 0):
 garbage-first heap   total 91136K, used 40099K [0x000000008ac00000, 0x0000000100000000)
  region size 1024K, 6 young (6144K), 6 survivors (6144K)
 Metaspace       used 66889K, committed 67648K, reserved 1114112K
  class space    used 8921K, committed 9280K, reserved 1048576K
}
Event: 8.625 GC heap before
{Heap before GC invocations=15 (full 0):
 garbage-first heap   total 91136K, used 79011K [0x000000008ac00000, 0x0000000100000000)
  region size 1024K, 44 young (45056K), 6 survivors (6144K)
 Metaspace       used 72360K, committed 73152K, reserved 1114112K
  class space    used 9704K, committed 10048K, reserved 1048576K
}
Event: 8.633 GC heap after
{Heap after GC invocations=16 (full 0):
 garbage-first heap   total 91136K, used 42828K [0x000000008ac00000, 0x0000000100000000)
  region size 1024K, 4 young (4096K), 4 survivors (4096K)
 Metaspace       used 72360K, committed 73152K, reserved 1114112K
  class space    used 9704K, committed 10048K, reserved 1048576K
}

Dll operation events (13 events):
Event: 0.020 Loaded shared library C:\Users\itsha\.jdks\openjdk-20.0.2\bin\java.dll
Event: 0.041 Loaded shared library C:\Users\itsha\.jdks\openjdk-20.0.2\bin\jsvml.dll
Event: 0.190 Loaded shared library C:\Users\itsha\.jdks\openjdk-20.0.2\bin\zip.dll
Event: 0.194 Loaded shared library C:\Users\itsha\.jdks\openjdk-20.0.2\bin\instrument.dll
Event: 0.200 Loaded shared library C:\Users\itsha\.jdks\openjdk-20.0.2\bin\net.dll
Event: 0.201 Loaded shared library C:\Users\itsha\.jdks\openjdk-20.0.2\bin\nio.dll
Event: 0.204 Loaded shared library C:\Users\itsha\.jdks\openjdk-20.0.2\bin\zip.dll
Event: 0.466 Loaded shared library C:\Users\itsha\.jdks\openjdk-20.0.2\bin\extnet.dll
Event: 0.514 Loaded shared library C:\Users\itsha\.jdks\openjdk-20.0.2\bin\jimage.dll
Event: 1.185 Loaded shared library C:\Users\itsha\.jdks\openjdk-20.0.2\bin\management.dll
Event: 1.187 Loaded shared library C:\Users\itsha\.jdks\openjdk-20.0.2\bin\management_ext.dll
Event: 2.254 Loaded shared library C:\Users\itsha\.jdks\openjdk-20.0.2\bin\sunmscapi.dll
Event: 5.118 Loaded shared library C:\Users\itsha\.jdks\openjdk-20.0.2\bin\verify.dll

Deoptimization events (20 events):
Event: 8.734 Thread 0x000001d10010f3f0 DEOPT PACKING pc=0x000001d12cc42668 sp=0x000000120e5fd480
Event: 8.734 Thread 0x000001d10010f3f0 DEOPT UNPACKING pc=0x000001d12c3b9d22 sp=0x000000120e5fd1e0 mode 2
Event: 8.734 Thread 0x000001d10010f3f0 Uncommon trap: trap_request=0xffffffbe fr.pc=0x000001d12cc42668 relative=0x0000000000004048
Event: 8.734 Thread 0x000001d10010f3f0 Uncommon trap: reason=profile_predicate action=maybe_recompile pc=0x000001d12cc42668 method=org.springframework.core.annotation.AnnotationsScanner.processClassInheritedAnnotations(Ljava/lang/Object;Ljava/lang/Class;Lorg/springframework/core/annotation/Ann
Event: 8.735 Thread 0x000001d10010f3f0 DEOPT PACKING pc=0x000001d12cc42668 sp=0x000000120e5fd480
Event: 8.735 Thread 0x000001d10010f3f0 DEOPT UNPACKING pc=0x000001d12c3b9d22 sp=0x000000120e5fd1e0 mode 2
Event: 8.736 Thread 0x000001d10010f3f0 Uncommon trap: trap_request=0xffffffde fr.pc=0x000001d12c9b0d4c relative=0x000000000000004c
Event: 8.736 Thread 0x000001d10010f3f0 Uncommon trap: reason=class_check action=maybe_recompile pc=0x000001d12c9b0d4c method=java.lang.StringConcatHelper.stringOf(Ljava/lang/Object;)Ljava/lang/String; @ 5 c2
Event: 8.736 Thread 0x000001d10010f3f0 DEOPT PACKING pc=0x000001d12c9b0d4c sp=0x000000120e5fea90
Event: 8.736 Thread 0x000001d10010f3f0 DEOPT UNPACKING pc=0x000001d12c3b9d22 sp=0x000000120e5fea20 mode 2
Event: 8.811 Thread 0x000001d10010f3f0 DEOPT PACKING pc=0x000001d1259a5036 sp=0x000000120e5fe930
Event: 8.811 Thread 0x000001d10010f3f0 DEOPT UNPACKING pc=0x000001d12c3ba4c2 sp=0x000000120e5fde08 mode 0
Event: 8.812 Thread 0x000001d10010f3f0 DEOPT PACKING pc=0x000001d1259a5036 sp=0x000000120e5fe910
Event: 8.812 Thread 0x000001d10010f3f0 DEOPT UNPACKING pc=0x000001d12c3ba4c2 sp=0x000000120e5fddd8 mode 0
Event: 8.812 Thread 0x000001d10010f3f0 DEOPT PACKING pc=0x000001d125587fc2 sp=0x000000120e5fe6f0
Event: 8.812 Thread 0x000001d10010f3f0 DEOPT UNPACKING pc=0x000001d12c3ba4c2 sp=0x000000120e5fdc90 mode 0
Event: 22.906 Thread 0x000001d1027d5b10 Uncommon trap: trap_request=0xffffff45 fr.pc=0x000001d12ca22cbc relative=0x00000000000003fc
Event: 22.906 Thread 0x000001d1027d5b10 Uncommon trap: reason=unstable_if action=reinterpret pc=0x000001d12ca22cbc method=java.util.HashMap.getNode(Ljava/lang/Object;)Ljava/util/HashMap$Node; @ 66 c2
Event: 22.906 Thread 0x000001d1027d5b10 DEOPT PACKING pc=0x000001d12ca22cbc sp=0x000000120fafd290
Event: 22.906 Thread 0x000001d1027d5b10 DEOPT UNPACKING pc=0x000001d12c3b9d22 sp=0x000000120fafd130 mode 2

Classes loaded (20 events):
Event: 22.771 Loading class java/nio/channels/WritePendingException
Event: 22.771 Loading class java/nio/channels/WritePendingException done
Event: 22.773 Loading class java/util/concurrent/Semaphore
Event: 22.773 Loading class java/util/concurrent/Semaphore done
Event: 22.773 Loading class java/util/concurrent/Semaphore$NonfairSync
Event: 22.774 Loading class java/util/concurrent/Semaphore$Sync
Event: 22.774 Loading class java/util/concurrent/Semaphore$Sync done
Event: 22.774 Loading class java/util/concurrent/Semaphore$NonfairSync done
Event: 22.774 Loading class sun/nio/ch/SocketAdaptor
Event: 22.774 Loading class sun/nio/ch/SocketAdaptor done
Event: 22.775 Loading class sun/nio/ch/SocketChannelImpl$DefaultOptionsHolder
Event: 22.775 Loading class sun/nio/ch/SocketChannelImpl$DefaultOptionsHolder done
Event: 22.775 Loading class sun/nio/ch/SelectionKeyImpl
Event: 22.776 Loading class java/nio/channels/spi/AbstractSelectionKey
Event: 22.776 Loading class java/nio/channels/SelectionKey
Event: 22.776 Loading class java/nio/channels/SelectionKey done
Event: 22.776 Loading class java/nio/channels/spi/AbstractSelectionKey done
Event: 22.776 Loading class sun/nio/ch/SelectionKeyImpl done
Event: 22.776 Loading class java/lang/invoke/ConstantBootstraps
Event: 22.776 Loading class java/lang/invoke/ConstantBootstraps done

Classes unloaded (0 events):
No events

Classes redefined (0 events):
No events

Internal exceptions (20 events):
Event: 7.928 Thread 0x000001d10010f3f0 Exception <a 'java/lang/NoSuchMethodError'{0x000000009072bbc8}: 'java.lang.Object java.lang.invoke.Invokers$Holder.invoke_MT(java.lang.Object, java.lang.Object, java.lang.Object, java.lang.Object, java.lang.Object, java.lang.Object, java.lang.Object, java.lang.Object, java.lang.Object, java.lang.Object, java.lang.Object)'> (0x000000009072bbc8) 
thrown [s\open\src\hotspot\share\interpreter\linkResolver.cpp, line 773]
Event: 7.992 Thread 0x000001d10010f3f0 Exception <a 'java/net/BindException'{0x00000000905ca158}: Address already in use: bind> (0x00000000905ca158) 
thrown [s\open\src\hotspot\share\prims\jni.cpp, line 538]
Event: 8.009 Thread 0x000001d10010f3f0 Exception <a 'java/lang/NoSuchMethodError'{0x00000000904513e0}: 'void java.lang.invoke.Invokers$Holder.invokeExact_MT(java.lang.Object, java.lang.Object, int, java.lang.Object)'> (0x00000000904513e0) 
thrown [s\open\src\hotspot\share\interpreter\linkResolver.cpp, line 773]
Event: 8.081 Thread 0x000001d10010f3f0 Implicit null exception at 0x000001d12cab025c to 0x000001d12cab0308
Event: 8.081 Thread 0x000001d10010f3f0 Implicit null exception at 0x000001d12cab025c to 0x000001d12cab0308
Event: 8.166 Thread 0x000001d10010f3f0 Exception <a 'java/lang/IncompatibleClassChangeError'{0x000000008f7018d8}: Found class java.lang.Object, but interface was expected> (0x000000008f7018d8) 
thrown [s\open\src\hotspot\share\interpreter\linkResolver.cpp, line 840]
Event: 8.264 Thread 0x000001d10010f3f0 Exception <a 'java/lang/NoSuchMethodError'{0x000000008f298fb0}: 'java.lang.Object java.lang.invoke.DirectMethodHandle$Holder.newInvokeSpecial(java.lang.Object, java.lang.Object, int, java.lang.Object, java.lang.Object)'> (0x000000008f298fb0) 
thrown [s\open\src\hotspot\share\interpreter\linkResolver.cpp, line 773]
Event: 8.282 Thread 0x000001d10010f3f0 Exception <a 'java/lang/NoSuchMethodError'{0x000000008f13bfa0}: 'java.lang.Object java.lang.invoke.DirectMethodHandle$Holder.invokeVirtual(java.lang.Object, java.lang.Object, java.lang.Object, java.lang.Object, java.lang.Object, java.lang.Object, java.lang.Object)'> (0x000000008f13bfa0) 
thrown [s\open\src\hotspot\share\interpreter\linkResolver.cpp, line 773]
Event: 8.301 Thread 0x000001d10010f3f0 Exception <a 'java/lang/NoSuchMethodError'{0x000000008f0294a8}: 'double java.lang.invoke.DirectMethodHandle$Holder.invokeVirtual(java.lang.Object, java.lang.Object)'> (0x000000008f0294a8) 
thrown [s\open\src\hotspot\share\interpreter\linkResolver.cpp, line 773]
Event: 8.369 Thread 0x000001d10010f3f0 Exception <a 'java/lang/NoSuchMethodError'{0x000000008eafb490}: 'java.lang.Object java.lang.invoke.DirectMethodHandle$Holder.invokeStatic(java.lang.Object, java.lang.Object, java.lang.Object, java.lang.Object, int, java.lang.Object, java.lang.Object)'> (0x000000008eafb490) 
thrown [s\open\src\hotspot\share\interpreter\linkResolver.cpp, line 773]
Event: 8.667 Thread 0x000001d10010f3f0 Exception <a 'java/lang/NoSuchMethodError'{0x0000000090967d60}: 'java.lang.Object java.lang.invoke.DirectMethodHandle$Holder.invokeStatic(java.lang.Object, int, int)'> (0x0000000090967d60) 
thrown [s\open\src\hotspot\share\interpreter\linkResolver.cpp, line 773]
Event: 8.702 Thread 0x000001d10010f3f0 Exception <a 'java/lang/NoSuchMethodError'{0x00000000908a9620}: 'long java.lang.invoke.DirectMethodHandle$Holder.invokeStatic(java.lang.Object, java.lang.Object, int)'> (0x00000000908a9620) 
thrown [s\open\src\hotspot\share\interpreter\linkResolver.cpp, line 773]
Event: 8.702 Thread 0x000001d10010f3f0 Exception <a 'java/lang/NoSuchMethodError'{0x00000000908b4110}: 'java.lang.Object java.lang.invoke.DelegatingMethodHandle$Holder.reinvoke_L(java.lang.Object, int, int, long, java.lang.Object, long, long, long)'> (0x00000000908b4110) 
thrown [s\open\src\hotspot\share\interpreter\linkResolver.cpp, line 773]
Event: 8.704 Thread 0x000001d10010f3f0 Exception <a 'java/lang/NoSuchMethodError'{0x00000000908d7968}: 'java.lang.Object java.lang.invoke.DelegatingMethodHandle$Holder.reinvoke_L(java.lang.Object, java.lang.Object, java.lang.Object, java.lang.Object, java.lang.Object, java.lang.Object, java.lang.Object, java.lang.Object, java.lang.Object, java.lang.Object, java.lang.Object, java.lang.Object, java.lang.Object, java.lang.Object, int, java.lang.Object, java.lang.Object, java.lang.Object, java.lang.Object, java.lang.Object, java.lang.Object, java.l
Event: 8.707 Thread 0x000001d10010f3f0 Exception <a 'java/lang/NoSuchMethodError'{0x000000009072fc38}: 'java.lang.Object java.lang.invoke.DirectMethodHandle$Holder.invokeStatic(java.lang.Object, java.lang.Object, java.lang.Object, java.lang.Object, java.lang.Object, java.lang.Object, java.lang.Object, java.lang.Object, java.lang.Object, java.lang.Object, java.lang.Object, java.lang.Object, java.lang.Object)'> (0x000000009072fc38) 
thrown [s\open\src\hotspot\share\interpreter\linkResolver.cpp, line 773]
Event: 8.708 Thread 0x000001d10010f3f0 Exception <a 'java/lang/NoSuchMethodError'{0x0000000090750680}: 'java.lang.Object java.lang.invoke.DirectMethodHandle$Holder.invokeStatic(java.lang.Object, java.lang.Object, java.lang.Object, java.lang.Object, java.lang.Object, java.lang.Object, java.lang.Object, java.lang.Object, java.lang.Object, java.lang.Object, java.lang.Object, java.lang.Object, java.lang.Object, java.lang.Object)'> (0x0000000090750680) 
thrown [s\open\src\hotspot\share\interpreter\linkResolver.cpp, line 773]
Event: 8.709 Thread 0x000001d10010f3f0 Exception <a 'java/lang/NoSuchMethodError'{0x0000000090766398}: 'java.lang.Object java.lang.invoke.DelegatingMethodHandle$Holder.reinvoke_L(java.lang.Object, java.lang.Object, java.lang.Object, java.lang.Object, java.lang.Object, java.lang.Object, java.lang.Object, java.lang.Object, java.lang.Object, java.lang.Object, java.lang.Object, java.lang.Object, java.lang.Object, java.lang.Object, java.lang.Object, java.lang.Object, java.lang.Object, java.lang.Object, java.lang.Object, java.lang.Object, java.lang.O
Event: 8.770 Thread 0x000001d1027d4080 Exception <a 'java/lang/NoSuchMethodError'{0x000000008fc3bfc8}: 'long java.lang.invoke.DelegatingMethodHandle$Holder.reinvoke_L(java.lang.Object, java.lang.Object)'> (0x000000008fc3bfc8) 
thrown [s\open\src\hotspot\share\interpreter\linkResolver.cpp, line 773]
Event: 22.808 Thread 0x000001d1027d5b10 Exception <a 'java/lang/NoSuchMethodError'{0x000000008f976538}: 'java.lang.Object java.lang.invoke.DirectMethodHandle$Holder.invokeSpecial(java.lang.Object, java.lang.Object, java.lang.Object, java.lang.Object, java.lang.Object, long)'> (0x000000008f976538) 
thrown [s\open\src\hotspot\share\interpreter\linkResolver.cpp, line 773]
Event: 22.808 Thread 0x000001d1027d5b10 Exception <a 'java/lang/NoSuchMethodError'{0x000000008f979f38}: 'java.lang.Object java.lang.invoke.Invokers$Holder.linkToTargetMethod(java.lang.Object, java.lang.Object, java.lang.Object, long, java.lang.Object)'> (0x000000008f979f38) 
thrown [s\open\src\hotspot\share\interpreter\linkResolver.cpp, line 773]

VM Operations (20 events):
Event: 7.775 Executing VM operation: HandshakeAllThreads
Event: 7.775 Executing VM operation: HandshakeAllThreads done
Event: 7.860 Executing VM operation: G1CollectForAllocation
Event: 7.865 Executing VM operation: G1CollectForAllocation done
Event: 8.077 Executing VM operation: HandshakeAllThreads
Event: 8.077 Executing VM operation: HandshakeAllThreads done
Event: 8.262 Executing VM operation: HandshakeAllThreads
Event: 8.262 Executing VM operation: HandshakeAllThreads done
Event: 8.500 Executing VM operation: HandshakeAllThreads
Event: 8.500 Executing VM operation: HandshakeAllThreads done
Event: 8.625 Executing VM operation: G1CollectForAllocation
Event: 8.633 Executing VM operation: G1CollectForAllocation done
Event: 9.633 Executing VM operation: Cleanup
Event: 9.633 Executing VM operation: Cleanup done
Event: 20.698 Executing VM operation: Cleanup
Event: 20.699 Executing VM operation: Cleanup done
Event: 22.826 Executing VM operation: HandshakeAllThreads
Event: 22.826 Executing VM operation: HandshakeAllThreads done
Event: 22.826 Executing VM operation: Cleanup
Event: 22.826 Executing VM operation: Cleanup done

Events (20 events):
Event: 8.726 Thread 0x000001d1027d6060 Thread added: 0x000001d1027d6060
Event: 8.727 Thread 0x000001d1027d65b0 Thread added: 0x000001d1027d65b0
Event: 8.729 Thread 0x000001d1027d4080 Thread added: 0x000001d1027d4080
Event: 8.744 Thread 0x000001d1027d5b10 Thread added: 0x000001d1027d5b10
Event: 8.744 Thread 0x000001d1027d45d0 Thread added: 0x000001d1027d45d0
Event: 8.744 Thread 0x000001d1027d6b00 Thread added: 0x000001d1027d6b00
Event: 8.744 Thread 0x000001d1027d55c0 Thread added: 0x000001d1027d55c0
Event: 8.744 Thread 0x000001d1027d7050 Thread added: 0x000001d1027d7050
Event: 8.744 Thread 0x000001d1027d4b20 Thread added: 0x000001d1027d4b20
Event: 8.744 Thread 0x000001d1007ac9d0 Thread added: 0x000001d1007ac9d0
Event: 8.744 Thread 0x000001d1007af450 Thread added: 0x000001d1007af450
Event: 8.744 Thread 0x000001d1007af9a0 Thread added: 0x000001d1007af9a0
Event: 8.744 Thread 0x000001d1007adf10 Thread added: 0x000001d1007adf10
Event: 8.753 Thread 0x000001d1007afef0 Thread added: 0x000001d1007afef0
Event: 8.754 Thread 0x000001d1007acf20 Thread added: 0x000001d1007acf20
Event: 8.818 Thread 0x000001d10010f3f0 Thread exited: 0x000001d10010f3f0
Event: 8.821 Thread 0x000001d1002a79f0 Thread exited: 0x000001d1002a79f0
Event: 8.822 Thread 0x000001d11cd78820 Thread exited: 0x000001d11cd78820
Event: 8.822 Thread 0x000001d1007ad470 Thread added: 0x000001d1007ad470
Event: 11.525 Thread 0x000001d1015ce430 Thread exited: 0x000001d1015ce430


Dynamic libraries:
0x00007ff72e870000 - 0x00007ff72e87e000 	C:\Users\itsha\.jdks\openjdk-20.0.2\bin\java.exe
0x00007ff949570000 - 0x00007ff949787000 	C:\WINDOWS\SYSTEM32\ntdll.dll
0x00007ff9486b0000 - 0x00007ff948774000 	C:\WINDOWS\System32\KERNEL32.DLL
0x00007ff9467a0000 - 0x00007ff946b73000 	C:\WINDOWS\System32\KERNELBASE.dll
0x00007ff946b80000 - 0x00007ff946c91000 	C:\WINDOWS\System32\ucrtbase.dll
0x00007ff8e5630000 - 0x00007ff8e564b000 	C:\Users\itsha\.jdks\openjdk-20.0.2\bin\VCRUNTIME140.dll
0x00007ff8e3dd0000 - 0x00007ff8e3de7000 	C:\Users\itsha\.jdks\openjdk-20.0.2\bin\jli.dll
0x00007ff947d90000 - 0x00007ff947f41000 	C:\WINDOWS\System32\USER32.dll
0x00007ff92f2c0000 - 0x00007ff92f558000 	C:\WINDOWS\WinSxS\amd64_microsoft.windows.common-controls_6595b64144ccf1df_6.0.22621.5124_none_270e8f4f7386d69d\COMCTL32.dll
0x00007ff947140000 - 0x00007ff947166000 	C:\WINDOWS\System32\win32u.dll
0x00007ff947210000 - 0x00007ff9472b7000 	C:\WINDOWS\System32\msvcrt.dll
0x00007ff949500000 - 0x00007ff949529000 	C:\WINDOWS\System32\GDI32.dll
0x00007ff946680000 - 0x00007ff94679b000 	C:\WINDOWS\System32\gdi32full.dll
0x00007ff947170000 - 0x00007ff94720a000 	C:\WINDOWS\System32\msvcp_win.dll
0x00007ff949290000 - 0x00007ff9492c1000 	C:\WINDOWS\System32\IMM32.DLL
0x00007ff91f2d0000 - 0x00007ff91f2dc000 	C:\Users\itsha\.jdks\openjdk-20.0.2\bin\vcruntime140_1.dll
0x00007ff883e60000 - 0x00007ff883eee000 	C:\Users\itsha\.jdks\openjdk-20.0.2\bin\msvcp140.dll
0x00007ff869190000 - 0x00007ff869e28000 	C:\Users\itsha\.jdks\openjdk-20.0.2\bin\server\jvm.dll
0x00007ff948290000 - 0x00007ff948341000 	C:\WINDOWS\System32\ADVAPI32.dll
0x00007ff948100000 - 0x00007ff9481a8000 	C:\WINDOWS\System32\sechost.dll
0x00007ff947110000 - 0x00007ff947138000 	C:\WINDOWS\System32\bcrypt.dll
0x00007ff948350000 - 0x00007ff948464000 	C:\WINDOWS\System32\RPCRT4.dll
0x00007ff940210000 - 0x00007ff940244000 	C:\WINDOWS\SYSTEM32\WINMM.dll
0x00007ff93b730000 - 0x00007ff93b739000 	C:\WINDOWS\SYSTEM32\WSOCK32.dll
0x00007ff93d7a0000 - 0x00007ff93d7aa000 	C:\WINDOWS\SYSTEM32\VERSION.dll
0x00007ff9484f0000 - 0x00007ff948561000 	C:\WINDOWS\System32\WS2_32.dll
0x00007ff945680000 - 0x00007ff945698000 	C:\WINDOWS\SYSTEM32\kernel.appcore.dll
0x00007ff91cc70000 - 0x00007ff91cc7a000 	C:\Users\itsha\.jdks\openjdk-20.0.2\bin\jimage.dll
0x00007ff93ed40000 - 0x00007ff93ef72000 	C:\WINDOWS\SYSTEM32\DBGHELP.DLL
0x00007ff9488a0000 - 0x00007ff948c32000 	C:\WINDOWS\System32\combase.dll
0x00007ff9481b0000 - 0x00007ff948287000 	C:\WINDOWS\System32\OLEAUT32.dll
0x00007ff93db20000 - 0x00007ff93db52000 	C:\WINDOWS\SYSTEM32\dbgcore.DLL
0x00007ff946f50000 - 0x00007ff946fcb000 	C:\WINDOWS\System32\bcryptPrimitives.dll
0x00007ff8ffef0000 - 0x00007ff8ffefe000 	C:\Users\itsha\.jdks\openjdk-20.0.2\bin\instrument.dll
0x00007ff8d78b0000 - 0x00007ff8d78d6000 	C:\Users\itsha\.jdks\openjdk-20.0.2\bin\java.dll
0x00007ff883d80000 - 0x00007ff883e57000 	C:\Users\itsha\.jdks\openjdk-20.0.2\bin\jsvml.dll
0x00007ff9474f0000 - 0x00007ff947d86000 	C:\WINDOWS\System32\SHELL32.dll
0x00007ff946fd0000 - 0x00007ff94710f000 	C:\WINDOWS\System32\wintypes.dll
0x00007ff944550000 - 0x00007ff944e6a000 	C:\WINDOWS\SYSTEM32\windows.storage.dll
0x00007ff949180000 - 0x00007ff94928a000 	C:\WINDOWS\System32\SHCORE.dll
0x00007ff947480000 - 0x00007ff9474e3000 	C:\WINDOWS\System32\shlwapi.dll
0x00007ff9465b0000 - 0x00007ff9465db000 	C:\WINDOWS\SYSTEM32\profapi.dll
0x00007ff8d7810000 - 0x00007ff8d7828000 	C:\Users\itsha\.jdks\openjdk-20.0.2\bin\zip.dll
0x00007ff8e30c0000 - 0x00007ff8e30d3000 	C:\Users\itsha\.jdks\openjdk-20.0.2\bin\net.dll
0x00007ff943320000 - 0x00007ff94344c000 	C:\WINDOWS\SYSTEM32\WINHTTP.dll
0x00007ff945b10000 - 0x00007ff945b7a000 	C:\WINDOWS\system32\mswsock.dll
0x00007ff8dd870000 - 0x00007ff8dd886000 	C:\Users\itsha\.jdks\openjdk-20.0.2\bin\nio.dll
0x00007ff9198b0000 - 0x00007ff9198b7000 	C:\Users\itsha\.jdks\openjdk-20.0.2\bin\extnet.dll
0x00007ff914ce0000 - 0x00007ff914cea000 	C:\Users\itsha\.jdks\openjdk-20.0.2\bin\management.dll
0x00007ff90b980000 - 0x00007ff90b98b000 	C:\Users\itsha\.jdks\openjdk-20.0.2\bin\management_ext.dll
0x00007ff948570000 - 0x00007ff948578000 	C:\WINDOWS\System32\PSAPI.DLL
0x00007ff9450d0000 - 0x00007ff9450fd000 	C:\WINDOWS\SYSTEM32\IPHLPAPI.DLL
0x00007ff948580000 - 0x00007ff948589000 	C:\WINDOWS\System32\NSI.dll
0x00007ff942090000 - 0x00007ff9420a9000 	C:\WINDOWS\SYSTEM32\dhcpcsvc6.DLL
0x00007ff941fc0000 - 0x00007ff941fdf000 	C:\WINDOWS\SYSTEM32\dhcpcsvc.DLL
0x00007ff945140000 - 0x00007ff945242000 	C:\WINDOWS\SYSTEM32\DNSAPI.dll
0x00007ff942080000 - 0x00007ff94208a000 	C:\Windows\System32\rasadhlp.dll
0x00007ff93fd50000 - 0x00007ff93fdd3000 	C:\WINDOWS\System32\fwpuclnt.dll
0x00007ff91a960000 - 0x00007ff91a96e000 	C:\Users\itsha\.jdks\openjdk-20.0.2\bin\sunmscapi.dll
0x00007ff946ca0000 - 0x00007ff946e07000 	C:\WINDOWS\System32\CRYPT32.dll
0x00007ff945fb0000 - 0x00007ff945fdd000 	C:\WINDOWS\SYSTEM32\ncrypt.dll
0x00007ff945f70000 - 0x00007ff945fa7000 	C:\WINDOWS\SYSTEM32\NTASN1.dll
0x00007ff945d80000 - 0x00007ff945d9b000 	C:\WINDOWS\SYSTEM32\CRYPTSP.dll
0x00007ff9455e0000 - 0x00007ff945617000 	C:\WINDOWS\system32\rsaenh.dll
0x00007ff945c20000 - 0x00007ff945c48000 	C:\WINDOWS\SYSTEM32\USERENV.dll
0x00007ff945da0000 - 0x00007ff945dac000 	C:\WINDOWS\SYSTEM32\CRYPTBASE.dll
0x00007ff933c40000 - 0x00007ff933c50000 	C:\Users\itsha\.jdks\openjdk-20.0.2\bin\verify.dll
0x00007ff931a50000 - 0x00007ff931a58000 	C:\WINDOWS\system32\wshunix.dll

dbghelp: loaded successfully - version: 4.0.5 - missing functions: none
symbol engine: initialized successfully - sym options: 0x614 - pdb path: .;C:\Users\itsha\.jdks\openjdk-20.0.2\bin;C:\WINDOWS\SYSTEM32;C:\WINDOWS\WinSxS\amd64_microsoft.windows.common-controls_6595b64144ccf1df_6.0.22621.5124_none_270e8f4f7386d69d;C:\Users\itsha\.jdks\openjdk-20.0.2\bin\server

VM Arguments:
jvm_args: -javaagent:C:\Program Files\JetBrains\IntelliJ IDEA Community Edition 2023.2.2\lib\idea_rt.jar=56359 -Dfile.encoding=UTF-8 -Dsun.stdout.encoding=UTF-8 -Dsun.stderr.encoding=UTF-8 
java_command: com.hotel.report_microservice.ReportMicroServiceApplication
java_class_path (initial): D:\HotelManagement-System\report-microservice\target\classes;C:\Users\itsha\.m2\repository\org\springframework\boot\spring-boot-starter-data-jpa\3.4.4\spring-boot-starter-data-jpa-3.4.4.jar;C:\Users\itsha\.m2\repository\org\springframework\boot\spring-boot-starter\3.4.4\spring-boot-starter-3.4.4.jar;C:\Users\itsha\.m2\repository\org\springframework\boot\spring-boot-starter-logging\3.4.4\spring-boot-starter-logging-3.4.4.jar;C:\Users\itsha\.m2\repository\ch\qos\logback\logback-classic\1.5.18\logback-classic-1.5.18.jar;C:\Users\itsha\.m2\repository\ch\qos\logback\logback-core\1.5.18\logback-core-1.5.18.jar;C:\Users\itsha\.m2\repository\org\apache\logging\log4j\log4j-to-slf4j\2.24.3\log4j-to-slf4j-2.24.3.jar;C:\Users\itsha\.m2\repository\org\apache\logging\log4j\log4j-api\2.24.3\log4j-api-2.24.3.jar;C:\Users\itsha\.m2\repository\org\slf4j\jul-to-slf4j\2.0.17\jul-to-slf4j-2.0.17.jar;C:\Users\itsha\.m2\repository\jakarta\annotation\jakarta.annotation-api\2.1.1\jakarta.annotation-api-2.1.1.jar;C:\Users\itsha\.m2\repository\org\yaml\snakeyaml\2.3\snakeyaml-2.3.jar;C:\Users\itsha\.m2\repository\org\springframework\boot\spring-boot-starter-jdbc\3.4.4\spring-boot-starter-jdbc-3.4.4.jar;C:\Users\itsha\.m2\repository\com\zaxxer\HikariCP\5.1.0\HikariCP-5.1.0.jar;C:\Users\itsha\.m2\repository\org\springframework\spring-jdbc\6.2.5\spring-jdbc-6.2.5.jar;C:\Users\itsha\.m2\repository\org\hibernate\orm\hibernate-core\6.6.11.Final\hibernate-core-6.6.11.Final.jar;C:\Users\itsha\.m2\repository\jakarta\persistence\jakarta.persistence-api\3.1.0\jakarta.persistence-api-3.1.0.jar;C:\Users\itsha\.m2\repository\jakarta\transaction\jakarta.transaction-api\2.0.1\jakarta.transaction-api-2.0.1.jar;C:\Users\itsha\.m2\repository\org\jboss\logging\jboss-logging\3.6.1.Final\jboss-logging-3.6.1.Final.jar;C:\Users\itsha\.m2\repository\org\hibernate\common\hibernate-commons-annotations\7.0.3.Final\hibernate-commons-annotations-7.0.3.Final.jar;C:\Users\itsha\.m2\repository\io\smallrye\jandex\3.2.0\jandex-3.2.0.jar;C:\Users\itsha\.m2\repository\com\fasterxml\classmate\1.7.0\classmate-1.7.0.jar;C:\Users\itsha\.m2\repository\net\bytebuddy\byte-buddy\1.15.11\byte-buddy-1.15.11.jar;C:\Users\itsha\.m2\repository\org\glassfish\jaxb\jaxb-runtime\4.0.5\jaxb-runtime-4.0.5.jar;C:\Users\itsha\.m2\repository\org\glassfish\jaxb\jaxb-core\4.0.5\jaxb-core-4.0.5.jar;C:\Users\itsha\.m2\repository\org\glassfish\jaxb\txw2\4.0.5\txw2-4.0.5.jar;C:\Users\itsha\.m2\repository\com\sun\istack\istack-commons-runtime\4.1.2\istack-commons-runtime-4.1.2.jar;C:\Users\itsha\.m2\repository\jakarta\inject\jakarta.inject-api\2.0.1\jakarta.inject-api-2.0.1.jar;C:\Users\itsha\.m2\repository\org\antlr\antlr4-runtime\4.13.0\antlr4-runtime-4.13.0.jar;C:\Users\itsha\.m2\repository\org\springframework\data\spring-data-jpa\3.4.4\spring-data-jpa-3.4.4.jar;C:\Users\itsha\.m2\repository\org\springframework\data\spring-data-commons\3.4.4\spring-data-commons-3.4.4.jar;C:\Users\itsha\.m2\repository\org\springframework\spring-orm\6.2.5\spring-orm-6.2.5.jar;C:\Users\itsha\.m2\repository\org\springframework\spring-context\6.2.5\spring-context-6.2.5.jar;C:\Users\itsha\.m2\repository\org\springframework\spring-aop\6.2.5\spring-aop-6.2.5.jar;C:\Users\itsha\.m2\repository\org\springframework\spring-tx\6.2.5\spring-tx-6.2.5.jar;C:\Users\itsha\.m2\repository\org\springframework\spring-beans\6.2.5\spring-beans-6.2.5.jar;C:\Users\itsha\.m2\repository\org\slf4j\slf4j-api\2.0.17\slf4j-api-2.0.17.jar;C:\Users\itsha\.m2\repository\org\springframework\spring-aspects\6.2.5\spring-aspects-6.2.5.jar;C:\Users\itsha\.m2\repository\org\aspectj\aspectjweaver\1.9.23\aspectjweaver-1.9.23.jar;C:\Users\itsha\.m2\repository\org\springframework\boot\spring-boot-starter-web\3.4.4\spring-boot-starter-web-3.4.4.jar;C:\Users\itsha\.m2\repository\org\springframework\boot\spring-boot-starter-json\3.4.4\spring-boot-starter-json-3.4.4.jar;C:\Users\itsha\.m2\repository\com\fasterxml\jackson\core\jackson-databind\2.18.3\jackson-databind-2.18.3.jar;C:\Users\itsha\.m2\repository\com\fasterxml\jackson\datatype\jackson-datatype-jdk8\2.18.3\jackson-datatype-jdk8-2.18.3.jar;C:\Users\itsha\.m2\repository\com\fasterxml\jackson\datatype\jackson-datatype-jsr310\2.18.3\jackson-datatype-jsr310-2.18.3.jar;C:\Users\itsha\.m2\repository\com\fasterxml\jackson\module\jackson-module-parameter-names\2.18.3\jackson-module-parameter-names-2.18.3.jar;C:\Users\itsha\.m2\repository\org\springframework\boot\spring-boot-starter-tomcat\3.4.4\spring-boot-starter-tomcat-3.4.4.jar;C:\Users\itsha\.m2\repository\org\apache\tomcat\embed\tomcat-embed-core\10.1.39\tomcat-embed-core-10.1.39.jar;C:\Users\itsha\.m2\repository\org\apache\tomcat\embed\tomcat-embed-el\10.1.39\tomcat-embed-el-10.1.39.jar;C:\Users\itsha\.m2\repository\org\apache\tomcat\embed\tomcat-embed-websocket\10.1.39\tomcat-embed-websocket-10.1.39.jar;C:\Users\itsha\.m2\repository\org\springframework\spring-web\6.2.5\spring-web-6.2.5.jar;C:\Users\itsha\.m2\repository\io\micrometer\micrometer-observation\1.14.5\micrometer-observation-1.14.5.jar;C:\Users\itsha\.m2\repository\io\micrometer\micrometer-commons\1.14.5\micrometer-commons-1.14.5.jar;C:\Users\itsha\.m2\repository\org\springframework\spring-webmvc\6.2.5\spring-webmvc-6.2.5.jar;C:\Users\itsha\.m2\repository\org\springframework\spring-expression\6.2.5\spring-expression-6.2.5.jar;C:\Users\itsha\.m2\repository\org\springframework\boot\spring-boot-starter-mail\3.4.4\spring-boot-starter-mail-3.4.4.jar;C:\Users\itsha\.m2\repository\org\springframework\spring-context-support\6.2.5\spring-context-support-6.2.5.jar;C:\Users\itsha\.m2\repository\org\eclipse\angus\jakarta.mail\2.0.3\jakarta.mail-2.0.3.jar;C:\Users\itsha\.m2\repository\jakarta\activation\jakarta.activation-api\2.1.3\jakarta.activation-api-2.1.3.jar;C:\Users\itsha\.m2\repository\org\eclipse\angus\angus-activation\2.0.2\angus-activation-2.0.2.jar;C:\Users\itsha\.m2\repository\org\springframework\cloud\spring-cloud-starter-netflix-eureka-client\4.2.1\spring-cloud-starter-netflix-eureka-client-4.2.1.jar;C:\Users\itsha\.m2\repository\org\springframework\cloud\spring-cloud-starter\4.2.1\spring-cloud-starter-4.2.1.jar;C:\Users\itsha\.m2\repository\org\springframework\cloud\spring-cloud-context\4.2.1\spring-cloud-context-4.2.1.jar;C:\Users\itsha\.m2\repository\org\bouncycastle\bcprov-jdk18on\1.78.1\bcprov-jdk18on-1.78.1.jar;C:\Users\itsha\.m2\repository\org\springframework\cloud\spring-cloud-netflix-eureka-client\4.2.1\spring-cloud-netflix-eureka-client-4.2.1.jar;C:\Users\itsha\.m2\repository\org\apache\httpcomponents\client5\httpclient5\5.4.2\httpclient5-5.4.2.jar;C:\Users\itsha\.m2\repository\org\apache\httpcomponents\core5\httpcore5\5.3.3\httpcore5-5.3.3.jar;C:\Users\itsha\.m2\repository\org\apache\httpcomponents\core5\httpcore5-h2\5.3.3\httpcore5-h2-5.3.3.jar;C:\Users\itsha\.m2\repository\com\netflix\eureka\eureka-client\2.0.4\eureka-client-2.0.4.jar;C:\Users\itsha\.m2\repository\com\thoughtworks\xstream\xstream\1.4.20\xstream-1.4.20.jar;C:\Users\itsha\.m2\repository\io\github\x-stream\mxparser\1.2.2\mxparser-1.2.2.jar;C:\Users\itsha\.m2\repository\xmlpull\xmlpull\1.1.3.1\xmlpull-1.1.3.1.jar;C:\Users\itsha\.m2\repository\jakarta\ws\rs\jakarta.ws.rs-api\3.1.0\jakarta.ws.rs-api-3.1.0.jar;C:\Users\itsha\.m2\repository\com\netflix\spectator\spectator-api\1.7.3\spectator-api-1.7.3.jar;C:\Users\itsha\.m2\repository\org\apache\httpcomponents\httpclient\4.5.3\httpclient-4.5.3.jar;C:\Users\itsha\.m2\repository\org\apache\httpcomponents\httpcore\4.4.16\httpcore-4.4.16.jar;C:\Users\itsha\.m2\repository\commons-codec\commons-codec\1.17.2\commons-codec-1.17.2.jar;C:\Users\itsha\.m2\repository\commons-configuration\commons-configuration\1.10\commons-configuration-1.10.jar;C:\Users\itsha\.m2\repository\commons-lang\commons-lang\2.6\commons-lang-2.6.jar;C:\Users\itsha\.m2\repository\com\fasterxml\jackson\core\jackson-annotations\2.18.3\jackson-annotations-2.18.3.jar;C:\Users\itsha\.m2\repository\com\fasterxml\jackson\core\jackson-core\2.18.3\jackson-core-2.18.3.jar;C:\Users\itsha\.m2\repository\com\netflix\netflix-commons\netflix-eventbus\0.3.0\netflix-eventbus-0.3.0.jar;C:\Users\itsha\.m2\repository\com\netflix\netflix-commons\netflix-infix\0.3.0\netflix-infix-0.3.0.jar;C:\Users\itsha\.m2\repository\commons-jxpath\commons-jxpath\1.3\commons-jxpath-1.3.jar;C:\Users\itsha\.m2\repository\joda-time\joda-time\2.3\joda-time-2.3.jar;C:\Users\itsha\.m2\repository\org\antlr\antlr-runtime\3.4\antlr-runtime-3.4.jar;C:\Users\itsha\.m2\repository\org\antlr\stringtemplate\3.2.1\stringtemplate-3.2.1.jar;C:\Users\itsha\.m2\repository\antlr\antlr\2.7.7\antlr-2.7.7.jar;C:\Users\itsha\.m2\repository\com\google\guava\guava\14.0.1\guava-14.0.1.jar;C:\Users\itsha\.m2\repository\com\google\code\gson\gson\2.11.0\gson-2.11.0.jar;C:\Users\itsha\.m2\repository\com\google\errorprone\error_prone_annotations\2.27.0\error_prone_annotations-2.27.0.jar;C:\Users\itsha\.m2\repository\com\netflix\servo\servo-core\0.5.3\servo-core-0.5.3.jar;C:\Users\itsha\.m2\repository\org\apache\commons\commons-math\2.2\commons-math-2.2.jar;C:\Users\itsha\.m2\repository\javax\annotation\javax.annotation-api\1.2\javax.annotation-api-1.2.jar;C:\Users\itsha\.m2\repository\org\codehaus\jettison\jettison\1.5.4\jettison-1.5.4.jar;C:\Users\itsha\.m2\repository\org\springframework\cloud\spring-cloud-starter-loadbalancer\4.2.1\spring-cloud-starter-loadbalancer-4.2.1.jar;C:\Users\itsha\.m2\repository\org\springframework\cloud\spring-cloud-loadbalancer\4.2.1\spring-cloud-loadbalancer-4.2.1.jar;C:\Users\itsha\.m2\repository\io\projectreactor\reactor-core\3.7.4\reactor-core-3.7.4.jar;C:\Users\itsha\.m2\repository\org\reactivestreams\reactive-streams\1.0.4\reactive-streams-1.0.4.jar;C:\Users\itsha\.m2\repository\io\projectreactor\addons\reactor-extra\3.5.2\reactor-extra-3.5.2.jar;C:\Users\itsha\.m2\repository\org\springframework\boot\spring-boot-starter-cache\3.4.4\spring-boot-starter-cache-3.4.4.jar;C:\Users\itsha\.m2\repository\com\stoyanr\evictor\1.0.0\evictor-1.0.0.jar;C:\Users\itsha\.m2\repository\org\springframework\cloud\spring-cloud-starter-openfeign\4.2.1\spring-cloud-starter-openfeign-4.2.1.jar;C:\Users\itsha\.m2\repository\org\springframework\cloud\spring-cloud-openfeign-core\4.2.1\spring-cloud-openfeign-core-4.2.1.jar;C:\Users\itsha\.m2\repository\io\github\openfeign\feign-form-spring\13.5\feign-form-spring-13.5.jar;C:\Users\itsha\.m2\repository\io\github\openfeign\feign-form\13.5\feign-form-13.5.jar;C:\Users\itsha\.m2\repository\commons-fileupload\commons-fileupload\1.5\commons-fileupload-1.5.jar;C:\Users\itsha\.m2\repository\org\springframework\cloud\spring-cloud-commons\4.2.1\spring-cloud-commons-4.2.1.jar;C:\Users\itsha\.m2\repository\org\springframework\security\spring-security-crypto\6.4.4\spring-security-crypto-6.4.4.jar;C:\Users\itsha\.m2\repository\io\github\openfeign\feign-core\13.5\feign-core-13.5.jar;C:\Users\itsha\.m2\repository\io\github\openfeign\feign-slf4j\13.5\feign-slf4j-13.5.jar;C:\Users\itsha\.m2\repository\org\springframework\boot\spring-boot-devtools\3.4.4\spring-boot-devtools-3.4.4.jar;C:\Users\itsha\.m2\repository\org\springframework\boot\spring-boot\3.4.4\spring-boot-3.4.4.jar;C:\Users\itsha\.m2\repository\org\springframework\boot\spring-boot-autoconfigure\3.4.4\spring-boot-autoconfigure-3.4.4.jar;C:\Users\itsha\.m2\repository\com\mysql\mysql-connector-j\9.1.0\mysql-connector-j-9.1.0.jar;C:\Users\itsha\.m2\repository\org\projectlombok\lombok\1.18.36\lombok-1.18.36.jar;C:\Users\itsha\.m2\repository\jakarta\xml\bind\jakarta.xml.bind-api\4.0.2\jakarta.xml.bind-api-4.0.2.jar;C:\Users\itsha\.m2\repository\org\springframework\spring-core\6.2.5\spring-core-6.2.5.jar;C:\Users\itsha\.m2\repository\org\springframework\spring-jcl\6.2.5\spring-jcl-6.2.5.jar
Launcher Type: SUN_STANDARD

[Global flags]
     intx CICompilerCount                          = 4                                         {product} {ergonomic}
     uint ConcGCThreads                            = 3                                         {product} {ergonomic}
     uint G1ConcRefinementThreads                  = 10                                        {product} {ergonomic}
   size_t G1HeapRegionSize                         = 1048576                                   {product} {ergonomic}
    uintx GCDrainStackTargetSize                   = 64                                        {product} {ergonomic}
   size_t InitialHeapSize                          = 123731968                                 {product} {ergonomic}
   size_t MarkStackSize                            = 4194304                                   {product} {ergonomic}
   size_t MaxHeapSize                              = 1967128576                                {product} {ergonomic}
   size_t MaxNewSize                               = 1179648000                                {product} {ergonomic}
   size_t MinHeapDeltaBytes                        = 1048576                                   {product} {ergonomic}
   size_t MinHeapSize                              = 8388608                                   {product} {ergonomic}
    uintx NonNMethodCodeHeapSize                   = 5839372                                {pd product} {ergonomic}
    uintx NonProfiledCodeHeapSize                  = 122909434                              {pd product} {ergonomic}
    uintx ProfiledCodeHeapSize                     = 122909434                              {pd product} {ergonomic}
    uintx ReservedCodeCacheSize                    = 251658240                              {pd product} {ergonomic}
     bool SegmentedCodeCache                       = true                                      {product} {ergonomic}
   size_t SoftMaxHeapSize                          = 1967128576                             {manageable} {ergonomic}
     bool UseCompressedClassPointers               = true                           {product lp64_product} {ergonomic}
     bool UseCompressedOops                        = true                           {product lp64_product} {ergonomic}
     bool UseG1GC                                  = true                                      {product} {ergonomic}
     bool UseLargePagesIndividualAllocation        = false                                  {pd product} {ergonomic}

Logging:
Log output configuration:
 #0: stdout all=warning uptime,level,tags foldmultilines=false
 #1: stderr all=off uptime,level,tags foldmultilines=false

Environment Variables:
PATH=C:\Program Files\Common Files\Oracle\Java\javapath;C:\WINDOWS\system32;C:\WINDOWS;C:\WINDOWS\System32\Wbem;C:\WINDOWS\System32\WindowsPowerShell\v1.0\;C:\WINDOWS\System32\OpenSSH\;C:\Program Files\nodejs\;C:\Program Files\Git\cmd;C:\nginx;C:\Program Files\MySQL\MySQL Server 8.0\bin;C:\Program Files\MySQL\MySQL Shell 8.0\bin\;C:\Users\itsha\AppData\Local\Microsoft\WindowsApps;C:\Program Files\JetBrains\IntelliJ IDEA Community Edition 2023.2.2\bin;;C:\Users\itsha\AppData\Local\Programs\Microsoft VS Code\bin;C:\ProgramData\itsha\GitHubDesktop\bin;C:\Users\itsha\AppData\Roaming\npm
USERNAME=itsha
OS=Windows_NT
PROCESSOR_IDENTIFIER=AMD64 Family 23 Model 104 Stepping 1, AuthenticAMD
TMP=C:\Users\itsha\AppData\Local\Temp
TEMP=C:\Users\itsha\AppData\Local\Temp




---------------  S Y S T E M  ---------------

OS:
 Windows 11 , 64 bit Build 22621 (10.0.22621.5124)
OS uptime: 2 days 23:30 hours
Hyper-V role detected

CPU: total 12 (initial active 12) (12 cores per cpu, 2 threads per core) family 23 model 104 stepping 1 microcode 0x0, cx8, cmov, fxsr, ht, mmx, 3dnowpref, sse, sse2, sse3, ssse3, sse4a, sse4.1, sse4.2, popcnt, lzcnt, tsc, tscinvbit, avx, avx2, aes, clmul, bmi1, bmi2, adx, sha, fma, vzeroupper, clflush, clflushopt, hv, rdtscp, rdpid, f16c

Memory: 4k page, system-wide physical 7501M (359M free)
TotalPageFile size 20854M (AvailPageFile size 4M)
current process WorkingSet (physical memory assigned to process): 278M, peak: 295M
current process commit charge ("private bytes"): 324M, peak: 339M

vm_info: OpenJDK 64-Bit Server VM (20.0.2+9-78) for windows-amd64 JRE (20.0.2+9-78), built on 2023-06-14T10:08:48Z by "mach5one" with MS VC++ 17.1 (VS2022)

END.
