#
# There is insufficient memory for the Java Runtime Environment to continue.
# Native memory allocation (malloc) failed to allocate 131088 bytes for Chunk::new
# Possible reasons:
#   The system is out of physical RAM or swap space
#   The process is running with CompressedOops enabled, and the Java Heap may be blocking the growth of the native heap
# Possible solutions:
#   Reduce memory load on the system
#   Increase physical memory or swap space
#   Check if swap backing store is full
#   Decrease Java heap size (-Xmx/-Xms)
#   Decrease number of Java threads
#   Decrease Java thread stack sizes (-Xss)
#   Set larger code cache with -XX:ReservedCodeCacheSize=
#   JVM is running with Unscaled Compressed Oops mode in which the Java heap is
#     placed in the first 4GB address space. The Java Heap base address is the
#     maximum limit for the native heap growth. Please use -XX:HeapBaseMinAddress
#     to set the Java Heap base and to place the Java Heap above 4GB virtual address.
# This output file may be truncated or incomplete.
#
#  Out of Memory Error (arena.cpp:184), pid=15180, tid=25012
#
# JRE version: OpenJDK Runtime Environment (20.0.2+9) (build 20.0.2+9-78)
# Java VM: OpenJDK 64-Bit Server VM (20.0.2+9-78, mixed mode, sharing, tiered, compressed oops, compressed class ptrs, g1 gc, windows-amd64)
# No core dump will be written. Minidumps are not enabled by default on client versions of Windows
#

---------------  S U M M A R Y ------------

Command Line: -javaagent:C:\Program Files\JetBrains\IntelliJ IDEA Community Edition 2023.2.2\lib\idea_rt.jar=54630 -Dfile.encoding=UTF-8 -Dsun.stdout.encoding=UTF-8 -Dsun.stderr.encoding=UTF-8 com.hotel.department_microservice.DepartmentMicroServiceApplication

Host: AMD Ryzen 5 5500U with Radeon Graphics         , 12 cores, 7G,  Windows 11 , 64 bit Build 22621 (10.0.22621.5124)
Time: Fri Apr  4 14:54:21 2025 India Standard Time elapsed time: 0.685568 seconds (0d 0h 0m 0s)

---------------  T H R E A D  ---------------

Current thread (0x0000023cfddf6b30):  JavaThread "C2 CompilerThread1" daemon [_thread_in_native, id=25012, stack(0x000000f562400000,0x000000f562500000)]


Current CompileTask:
C2:    685  942 % !   4       java.util.jar.Attributes::read @ 214 (494 bytes)

Stack: [0x000000f562400000,0x000000f562500000]
Native frames: (J=compiled Java code, j=interpreted, Vv=VM code, C=native code)
V  [jvm.dll+0x6bc25a]
V  [jvm.dll+0x84971a]
V  [jvm.dll+0x84b315]
V  [jvm.dll+0x84ba13]
V  [jvm.dll+0x280e4f]
V  [jvm.dll+0xc2ab1]
V  [jvm.dll+0xc2dd5]
V  [jvm.dll+0xc2bd4]
V  [jvm.dll+0x6e0c4f]
V  [jvm.dll+0x1d2d63]
V  [jvm.dll+0x6df80d]
V  [jvm.dll+0x6df132]
V  [jvm.dll+0x24b832]
V  [jvm.dll+0x24a921]
V  [jvm.dll+0x1ce761]
V  [jvm.dll+0x25a0eb]
V  [jvm.dll+0x2587c0]
V  [jvm.dll+0x3f2dd5]
V  [jvm.dll+0x7f5c76]
V  [jvm.dll+0x6baecb]
C  [ucrtbase.dll+0x29333]
C  [KERNEL32.DLL+0x1259d]
C  [ntdll.dll+0x5af38]


---------------  P R O C E S S  ---------------

Threads class SMR info:
_java_thread_list=0x0000023cfe26bad0, length=13, elements={
0x0000023ce0fb5c20, 0x0000023cfda6b1e0, 0x0000023cfda6be80, 0x0000023cfda6d930,
0x0000023cfda6ff30, 0x0000023cfda71880, 0x0000023cfda74300, 0x0000023cfda76f80,
0x0000023cfda7a390, 0x0000023cfdc9d8c0, 0x0000023cfddf6b30, 0x0000023cfe0a0e80,
0x0000023cfe272270
}

Java Threads: ( => current thread )
  0x0000023ce0fb5c20 JavaThread "main" [_thread_in_Java, id=27308, stack(0x000000f561400000,0x000000f561500000)]
  0x0000023cfda6b1e0 JavaThread "Reference Handler" daemon [_thread_blocked, id=18792, stack(0x000000f561b00000,0x000000f561c00000)]
  0x0000023cfda6be80 JavaThread "Finalizer" daemon [_thread_blocked, id=30852, stack(0x000000f561c00000,0x000000f561d00000)]
  0x0000023cfda6d930 JavaThread "Signal Dispatcher" daemon [_thread_blocked, id=29992, stack(0x000000f561d00000,0x000000f561e00000)]
  0x0000023cfda6ff30 JavaThread "Attach Listener" daemon [_thread_blocked, id=20124, stack(0x000000f561e00000,0x000000f561f00000)]
  0x0000023cfda71880 JavaThread "Service Thread" daemon [_thread_blocked, id=5324, stack(0x000000f561f00000,0x000000f562000000)]
  0x0000023cfda74300 JavaThread "Monitor Deflation Thread" daemon [_thread_blocked, id=10988, stack(0x000000f562000000,0x000000f562100000)]
  0x0000023cfda76f80 JavaThread "C2 CompilerThread0" daemon [_thread_in_native, id=21236, stack(0x000000f562100000,0x000000f562200000)]
  0x0000023cfda7a390 JavaThread "C1 CompilerThread0" daemon [_thread_in_native, id=14876, stack(0x000000f562200000,0x000000f562300000)]
  0x0000023cfdc9d8c0 JavaThread "Common-Cleaner" daemon [_thread_blocked, id=32404, stack(0x000000f562300000,0x000000f562400000)]
=>0x0000023cfddf6b30 JavaThread "C2 CompilerThread1" daemon [_thread_in_native, id=25012, stack(0x000000f562400000,0x000000f562500000)]
  0x0000023cfe0a0e80 JavaThread "Monitor Ctrl-Break" daemon [_thread_in_native, id=21000, stack(0x000000f562500000,0x000000f562600000)]
  0x0000023cfe272270 JavaThread "Notification Thread" daemon [_thread_blocked, id=11004, stack(0x000000f562600000,0x000000f562700000)]

Other Threads:
  0x0000023cfda4d480 VMThread "VM Thread" [stack: 0x000000f561a00000,0x000000f561b00000] [id=15880]
  0x0000023cfde814a0 WatcherThread "VM Periodic Task Thread" [stack: 0x000000f562700000,0x000000f562800000] [id=16196]
  0x0000023cdecce980 WorkerThread "GC Thread#0" [stack: 0x000000f561500000,0x000000f561600000] [id=8784]
  0x0000023cfe34dab0 WorkerThread "GC Thread#1" [stack: 0x000000f562800000,0x000000f562900000] [id=13880]
  0x0000023cfe679940 WorkerThread "GC Thread#2" [stack: 0x000000f562900000,0x000000f562a00000] [id=2464]
  0x0000023cfe677ff0 WorkerThread "GC Thread#3" [stack: 0x000000f562a00000,0x000000f562b00000] [id=27044]
  0x0000023cfe679670 WorkerThread "GC Thread#4" [stack: 0x000000f562b00000,0x000000f562c00000] [id=25424]
  0x0000023ce101bb90 ConcurrentGCThread "G1 Main Marker" [stack: 0x000000f561600000,0x000000f561700000] [id=10192]
  0x0000023ce101c760 WorkerThread "G1 Conc#0" [stack: 0x000000f561700000,0x000000f561800000] [id=9948]
  0x0000023ce105ea60 ConcurrentGCThread "G1 Refine#0" [stack: 0x000000f561800000,0x000000f561900000] [id=34504]
  0x0000023cfd90b6c0 ConcurrentGCThread "G1 Service" [stack: 0x000000f561900000,0x000000f561a00000] [id=5796]

Threads with active compile tasks:
C2 CompilerThread0      713 1060   !   4       java.util.jar.JarFile::checkForSpecialAttributes (163 bytes)
C1 CompilerThread0      713 1057       3       java.io.WinNTFileSystem::resolve (275 bytes)
C2 CompilerThread1      713  942 % !   4       java.util.jar.Attributes::read @ 214 (494 bytes)

VM state: not at safepoint (normal execution)

VM Mutex/Monitor currently owned by a thread: None

Heap address: 0x000000008ac00000, size: 1876 MB, Compressed Oops mode: 32-bit

CDS archive(s) mapped at: [0x0000023c80000000-0x0000023c80c60000-0x0000023c80c60000), size 12976128, SharedBaseAddress: 0x0000023c80000000, ArchiveRelocationMode: 1.
Compressed class space mapped at: 0x0000023c81000000-0x0000023cc1000000, reserved size: 1073741824
Narrow klass base: 0x0000023c80000000, Narrow klass shift: 0, Narrow klass range: 0x100000000

GC Precious Log:
 CardTable entry size: 512
 Card Set container configuration: InlinePtr #cards 5 size 8 Array Of Cards #cards 12 size 40 Howl #buckets 4 coarsen threshold 1843 Howl Bitmap #cards 512 size 80 coarsen threshold 460 Card regions per heap region 1 cards per card region 2048
 CPUs: 12 total, 12 available
 Memory: 7501M
 Large Page Support: Disabled
 NUMA Support: Disabled
 Compressed Oops: Enabled (32-bit)
 Heap Region Size: 1M
 Heap Min Capacity: 8M
 Heap Initial Capacity: 118M
 Heap Max Capacity: 1876M
 Pre-touch: Disabled
 Parallel Workers: 10
 Concurrent Workers: 3
 Concurrent Refinement Workers: 10
 Periodic GC: Disabled

Heap:
 garbage-first heap   total 120832K, used 21120K [0x000000008ac00000, 0x0000000100000000)
  region size 1024K, 9 young (9216K), 3 survivors (3072K)
 Metaspace       used 4860K, committed 5056K, reserved 1114112K
  class space    used 489K, committed 576K, reserved 1048576K

Heap Regions: E=young(eden), S=young(survivor), O=old, HS=humongous(starts), HC=humongous(continues), CS=collection set, F=free, OA=open archive, CA=closed archive, TAMS=top-at-mark-start, PB=parsable bottom
|   0|0x000000008ac00000, 0x000000008ad00000, 0x000000008ad00000|100%|HS|  |TAMS 0x000000008ac00000| PB 0x000000008ac00000| Complete 
|   1|0x000000008ad00000, 0x000000008ae00000, 0x000000008ae00000|100%|HS|  |TAMS 0x000000008ad00000| PB 0x000000008ad00000| Complete 
|   2|0x000000008ae00000, 0x000000008af00000, 0x000000008af00000|100%|HS|  |TAMS 0x000000008ae00000| PB 0x000000008ae00000| Complete 
|   3|0x000000008af00000, 0x000000008af00000, 0x000000008b000000|  0%| F|  |TAMS 0x000000008af00000| PB 0x000000008af00000| Untracked 
|   4|0x000000008b000000, 0x000000008b100000, 0x000000008b100000|100%|HS|  |TAMS 0x000000008b000000| PB 0x000000008b000000| Complete 
|   5|0x000000008b100000, 0x000000008b100000, 0x000000008b200000|  0%| F|  |TAMS 0x000000008b100000| PB 0x000000008b100000| Untracked 
|   6|0x000000008b200000, 0x000000008b300000, 0x000000008b300000|100%|HS|  |TAMS 0x000000008b200000| PB 0x000000008b200000| Complete 
|   7|0x000000008b300000, 0x000000008b400000, 0x000000008b400000|100%|HS|  |TAMS 0x000000008b300000| PB 0x000000008b300000| Complete 
|   8|0x000000008b400000, 0x000000008b500000, 0x000000008b500000|100%| O|  |TAMS 0x000000008b400000| PB 0x000000008b400000| Untracked 
|   9|0x000000008b500000, 0x000000008b600000, 0x000000008b600000|100%| O|  |TAMS 0x000000008b500000| PB 0x000000008b500000| Untracked 
|  10|0x000000008b600000, 0x000000008b700000, 0x000000008b700000|100%| O|  |TAMS 0x000000008b600000| PB 0x000000008b600000| Untracked 
|  11|0x000000008b700000, 0x000000008b800000, 0x000000008b800000|100%| O|  |TAMS 0x000000008b700000| PB 0x000000008b700000| Untracked 
|  12|0x000000008b800000, 0x000000008b900000, 0x000000008b900000|100%| O|  |TAMS 0x000000008b800000| PB 0x000000008b800000| Untracked 
|  13|0x000000008b900000, 0x000000008ba00000, 0x000000008ba00000|100%| O|  |TAMS 0x000000008b900000| PB 0x000000008b900000| Untracked 
|  14|0x000000008ba00000, 0x000000008baa0000, 0x000000008bb00000| 62%| O|  |TAMS 0x000000008ba00000| PB 0x000000008ba00000| Untracked 
|  15|0x000000008bb00000, 0x000000008bb00000, 0x000000008bc00000|  0%| F|  |TAMS 0x000000008bb00000| PB 0x000000008bb00000| Untracked 
|  16|0x000000008bc00000, 0x000000008bc00000, 0x000000008bd00000|  0%| F|  |TAMS 0x000000008bc00000| PB 0x000000008bc00000| Untracked 
|  17|0x000000008bd00000, 0x000000008bd00000, 0x000000008be00000|  0%| F|  |TAMS 0x000000008bd00000| PB 0x000000008bd00000| Untracked 
|  18|0x000000008be00000, 0x000000008be00000, 0x000000008bf00000|  0%| F|  |TAMS 0x000000008be00000| PB 0x000000008be00000| Untracked 
|  19|0x000000008bf00000, 0x000000008bf00000, 0x000000008c000000|  0%| F|  |TAMS 0x000000008bf00000| PB 0x000000008bf00000| Untracked 
|  20|0x000000008c000000, 0x000000008c000000, 0x000000008c100000|  0%| F|  |TAMS 0x000000008c000000| PB 0x000000008c000000| Untracked 
|  21|0x000000008c100000, 0x000000008c100000, 0x000000008c200000|  0%| F|  |TAMS 0x000000008c100000| PB 0x000000008c100000| Untracked 
|  22|0x000000008c200000, 0x000000008c200000, 0x000000008c300000|  0%| F|  |TAMS 0x000000008c200000| PB 0x000000008c200000| Untracked 
|  23|0x000000008c300000, 0x000000008c300000, 0x000000008c400000|  0%| F|  |TAMS 0x000000008c300000| PB 0x000000008c300000| Untracked 
|  24|0x000000008c400000, 0x000000008c400000, 0x000000008c500000|  0%| F|  |TAMS 0x000000008c400000| PB 0x000000008c400000| Untracked 
|  25|0x000000008c500000, 0x000000008c500000, 0x000000008c600000|  0%| F|  |TAMS 0x000000008c500000| PB 0x000000008c500000| Untracked 
|  26|0x000000008c600000, 0x000000008c600000, 0x000000008c700000|  0%| F|  |TAMS 0x000000008c600000| PB 0x000000008c600000| Untracked 
|  27|0x000000008c700000, 0x000000008c700000, 0x000000008c800000|  0%| F|  |TAMS 0x000000008c700000| PB 0x000000008c700000| Untracked 
|  28|0x000000008c800000, 0x000000008c800000, 0x000000008c900000|  0%| F|  |TAMS 0x000000008c800000| PB 0x000000008c800000| Untracked 
|  29|0x000000008c900000, 0x000000008c900000, 0x000000008ca00000|  0%| F|  |TAMS 0x000000008c900000| PB 0x000000008c900000| Untracked 
|  30|0x000000008ca00000, 0x000000008ca00000, 0x000000008cb00000|  0%| F|  |TAMS 0x000000008ca00000| PB 0x000000008ca00000| Untracked 
|  31|0x000000008cb00000, 0x000000008cb00000, 0x000000008cc00000|  0%| F|  |TAMS 0x000000008cb00000| PB 0x000000008cb00000| Untracked 
|  32|0x000000008cc00000, 0x000000008cc00000, 0x000000008cd00000|  0%| F|  |TAMS 0x000000008cc00000| PB 0x000000008cc00000| Untracked 
|  33|0x000000008cd00000, 0x000000008cd00000, 0x000000008ce00000|  0%| F|  |TAMS 0x000000008cd00000| PB 0x000000008cd00000| Untracked 
|  34|0x000000008ce00000, 0x000000008ce00000, 0x000000008cf00000|  0%| F|  |TAMS 0x000000008ce00000| PB 0x000000008ce00000| Untracked 
|  35|0x000000008cf00000, 0x000000008cf00000, 0x000000008d000000|  0%| F|  |TAMS 0x000000008cf00000| PB 0x000000008cf00000| Untracked 
|  36|0x000000008d000000, 0x000000008d000000, 0x000000008d100000|  0%| F|  |TAMS 0x000000008d000000| PB 0x000000008d000000| Untracked 
|  37|0x000000008d100000, 0x000000008d100000, 0x000000008d200000|  0%| F|  |TAMS 0x000000008d100000| PB 0x000000008d100000| Untracked 
|  38|0x000000008d200000, 0x000000008d200000, 0x000000008d300000|  0%| F|  |TAMS 0x000000008d200000| PB 0x000000008d200000| Untracked 
|  39|0x000000008d300000, 0x000000008d300000, 0x000000008d400000|  0%| F|  |TAMS 0x000000008d300000| PB 0x000000008d300000| Untracked 
|  40|0x000000008d400000, 0x000000008d400000, 0x000000008d500000|  0%| F|  |TAMS 0x000000008d400000| PB 0x000000008d400000| Untracked 
|  41|0x000000008d500000, 0x000000008d500000, 0x000000008d600000|  0%| F|  |TAMS 0x000000008d500000| PB 0x000000008d500000| Untracked 
|  42|0x000000008d600000, 0x000000008d600000, 0x000000008d700000|  0%| F|  |TAMS 0x000000008d600000| PB 0x000000008d600000| Untracked 
|  43|0x000000008d700000, 0x000000008d700000, 0x000000008d800000|  0%| F|  |TAMS 0x000000008d700000| PB 0x000000008d700000| Untracked 
|  44|0x000000008d800000, 0x000000008d800000, 0x000000008d900000|  0%| F|  |TAMS 0x000000008d800000| PB 0x000000008d800000| Untracked 
|  45|0x000000008d900000, 0x000000008d900000, 0x000000008da00000|  0%| F|  |TAMS 0x000000008d900000| PB 0x000000008d900000| Untracked 
|  46|0x000000008da00000, 0x000000008da00000, 0x000000008db00000|  0%| F|  |TAMS 0x000000008da00000| PB 0x000000008da00000| Untracked 
|  47|0x000000008db00000, 0x000000008db00000, 0x000000008dc00000|  0%| F|  |TAMS 0x000000008db00000| PB 0x000000008db00000| Untracked 
|  48|0x000000008dc00000, 0x000000008dc00000, 0x000000008dd00000|  0%| F|  |TAMS 0x000000008dc00000| PB 0x000000008dc00000| Untracked 
|  49|0x000000008dd00000, 0x000000008dd00000, 0x000000008de00000|  0%| F|  |TAMS 0x000000008dd00000| PB 0x000000008dd00000| Untracked 
|  50|0x000000008de00000, 0x000000008de00000, 0x000000008df00000|  0%| F|  |TAMS 0x000000008de00000| PB 0x000000008de00000| Untracked 
|  51|0x000000008df00000, 0x000000008df00000, 0x000000008e000000|  0%| F|  |TAMS 0x000000008df00000| PB 0x000000008df00000| Untracked 
|  52|0x000000008e000000, 0x000000008e000000, 0x000000008e100000|  0%| F|  |TAMS 0x000000008e000000| PB 0x000000008e000000| Untracked 
|  53|0x000000008e100000, 0x000000008e100000, 0x000000008e200000|  0%| F|  |TAMS 0x000000008e100000| PB 0x000000008e100000| Untracked 
|  54|0x000000008e200000, 0x000000008e200000, 0x000000008e300000|  0%| F|  |TAMS 0x000000008e200000| PB 0x000000008e200000| Untracked 
|  55|0x000000008e300000, 0x000000008e300000, 0x000000008e400000|  0%| F|  |TAMS 0x000000008e300000| PB 0x000000008e300000| Untracked 
|  56|0x000000008e400000, 0x000000008e400000, 0x000000008e500000|  0%| F|  |TAMS 0x000000008e400000| PB 0x000000008e400000| Untracked 
|  57|0x000000008e500000, 0x000000008e500000, 0x000000008e600000|  0%| F|  |TAMS 0x000000008e500000| PB 0x000000008e500000| Untracked 
|  58|0x000000008e600000, 0x000000008e600000, 0x000000008e700000|  0%| F|  |TAMS 0x000000008e600000| PB 0x000000008e600000| Untracked 
|  59|0x000000008e700000, 0x000000008e700000, 0x000000008e800000|  0%| F|  |TAMS 0x000000008e700000| PB 0x000000008e700000| Untracked 
|  60|0x000000008e800000, 0x000000008e800000, 0x000000008e900000|  0%| F|  |TAMS 0x000000008e800000| PB 0x000000008e800000| Untracked 
|  61|0x000000008e900000, 0x000000008e900000, 0x000000008ea00000|  0%| F|  |TAMS 0x000000008e900000| PB 0x000000008e900000| Untracked 
|  62|0x000000008ea00000, 0x000000008ea00000, 0x000000008eb00000|  0%| F|  |TAMS 0x000000008ea00000| PB 0x000000008ea00000| Untracked 
|  63|0x000000008eb00000, 0x000000008eb00000, 0x000000008ec00000|  0%| F|  |TAMS 0x000000008eb00000| PB 0x000000008eb00000| Untracked 
|  64|0x000000008ec00000, 0x000000008ec00000, 0x000000008ed00000|  0%| F|  |TAMS 0x000000008ec00000| PB 0x000000008ec00000| Untracked 
|  65|0x000000008ed00000, 0x000000008ed00000, 0x000000008ee00000|  0%| F|  |TAMS 0x000000008ed00000| PB 0x000000008ed00000| Untracked 
|  66|0x000000008ee00000, 0x000000008ee00000, 0x000000008ef00000|  0%| F|  |TAMS 0x000000008ee00000| PB 0x000000008ee00000| Untracked 
|  67|0x000000008ef00000, 0x000000008ef00000, 0x000000008f000000|  0%| F|  |TAMS 0x000000008ef00000| PB 0x000000008ef00000| Untracked 
|  68|0x000000008f000000, 0x000000008f000000, 0x000000008f100000|  0%| F|  |TAMS 0x000000008f000000| PB 0x000000008f000000| Untracked 
|  69|0x000000008f100000, 0x000000008f100000, 0x000000008f200000|  0%| F|  |TAMS 0x000000008f100000| PB 0x000000008f100000| Untracked 
|  70|0x000000008f200000, 0x000000008f200000, 0x000000008f300000|  0%| F|  |TAMS 0x000000008f200000| PB 0x000000008f200000| Untracked 
|  71|0x000000008f300000, 0x000000008f300000, 0x000000008f400000|  0%| F|  |TAMS 0x000000008f300000| PB 0x000000008f300000| Untracked 
|  72|0x000000008f400000, 0x000000008f400000, 0x000000008f500000|  0%| F|  |TAMS 0x000000008f400000| PB 0x000000008f400000| Untracked 
|  73|0x000000008f500000, 0x000000008f500000, 0x000000008f600000|  0%| F|  |TAMS 0x000000008f500000| PB 0x000000008f500000| Untracked 
|  74|0x000000008f600000, 0x000000008f600000, 0x000000008f700000|  0%| F|  |TAMS 0x000000008f600000| PB 0x000000008f600000| Untracked 
|  75|0x000000008f700000, 0x000000008f700000, 0x000000008f800000|  0%| F|  |TAMS 0x000000008f700000| PB 0x000000008f700000| Untracked 
|  76|0x000000008f800000, 0x000000008f800000, 0x000000008f900000|  0%| F|  |TAMS 0x000000008f800000| PB 0x000000008f800000| Untracked 
|  77|0x000000008f900000, 0x000000008f900000, 0x000000008fa00000|  0%| F|  |TAMS 0x000000008f900000| PB 0x000000008f900000| Untracked 
|  78|0x000000008fa00000, 0x000000008fa00000, 0x000000008fb00000|  0%| F|  |TAMS 0x000000008fa00000| PB 0x000000008fa00000| Untracked 
|  79|0x000000008fb00000, 0x000000008fb00000, 0x000000008fc00000|  0%| F|  |TAMS 0x000000008fb00000| PB 0x000000008fb00000| Untracked 
|  80|0x000000008fc00000, 0x000000008fc00000, 0x000000008fd00000|  0%| F|  |TAMS 0x000000008fc00000| PB 0x000000008fc00000| Untracked 
|  81|0x000000008fd00000, 0x000000008fd00000, 0x000000008fe00000|  0%| F|  |TAMS 0x000000008fd00000| PB 0x000000008fd00000| Untracked 
|  82|0x000000008fe00000, 0x000000008fe00000, 0x000000008ff00000|  0%| F|  |TAMS 0x000000008fe00000| PB 0x000000008fe00000| Untracked 
|  83|0x000000008ff00000, 0x000000008ff00000, 0x0000000090000000|  0%| F|  |TAMS 0x000000008ff00000| PB 0x000000008ff00000| Untracked 
|  84|0x0000000090000000, 0x0000000090000000, 0x0000000090100000|  0%| F|  |TAMS 0x0000000090000000| PB 0x0000000090000000| Untracked 
|  85|0x0000000090100000, 0x0000000090100000, 0x0000000090200000|  0%| F|  |TAMS 0x0000000090100000| PB 0x0000000090100000| Untracked 
|  86|0x0000000090200000, 0x0000000090200000, 0x0000000090300000|  0%| F|  |TAMS 0x0000000090200000| PB 0x0000000090200000| Untracked 
|  87|0x0000000090300000, 0x0000000090300000, 0x0000000090400000|  0%| F|  |TAMS 0x0000000090300000| PB 0x0000000090300000| Untracked 
|  88|0x0000000090400000, 0x0000000090400000, 0x0000000090500000|  0%| F|  |TAMS 0x0000000090400000| PB 0x0000000090400000| Untracked 
|  89|0x0000000090500000, 0x0000000090500000, 0x0000000090600000|  0%| F|  |TAMS 0x0000000090500000| PB 0x0000000090500000| Untracked 
|  90|0x0000000090600000, 0x0000000090600000, 0x0000000090700000|  0%| F|  |TAMS 0x0000000090600000| PB 0x0000000090600000| Untracked 
|  91|0x0000000090700000, 0x0000000090700000, 0x0000000090800000|  0%| F|  |TAMS 0x0000000090700000| PB 0x0000000090700000| Untracked 
|  92|0x0000000090800000, 0x0000000090900000, 0x0000000090900000|100%| S|CS|TAMS 0x0000000090800000| PB 0x0000000090800000| Complete 
|  93|0x0000000090900000, 0x0000000090a00000, 0x0000000090a00000|100%| S|CS|TAMS 0x0000000090900000| PB 0x0000000090900000| Complete 
|  94|0x0000000090a00000, 0x0000000090b00000, 0x0000000090b00000|100%| S|CS|TAMS 0x0000000090a00000| PB 0x0000000090a00000| Complete 
|  95|0x0000000090b00000, 0x0000000090b00000, 0x0000000090c00000|  0%| F|  |TAMS 0x0000000090b00000| PB 0x0000000090b00000| Untracked 
|  96|0x0000000090c00000, 0x0000000090c00000, 0x0000000090d00000|  0%| F|  |TAMS 0x0000000090c00000| PB 0x0000000090c00000| Untracked 
|  97|0x0000000090d00000, 0x0000000090d00000, 0x0000000090e00000|  0%| F|  |TAMS 0x0000000090d00000| PB 0x0000000090d00000| Untracked 
|  98|0x0000000090e00000, 0x0000000090e00000, 0x0000000090f00000|  0%| F|  |TAMS 0x0000000090e00000| PB 0x0000000090e00000| Untracked 
|  99|0x0000000090f00000, 0x0000000090f00000, 0x0000000091000000|  0%| F|  |TAMS 0x0000000090f00000| PB 0x0000000090f00000| Untracked 
| 100|0x0000000091000000, 0x0000000091000000, 0x0000000091100000|  0%| F|  |TAMS 0x0000000091000000| PB 0x0000000091000000| Untracked 
| 101|0x0000000091100000, 0x0000000091100000, 0x0000000091200000|  0%| F|  |TAMS 0x0000000091100000| PB 0x0000000091100000| Untracked 
| 102|0x0000000091200000, 0x0000000091200000, 0x0000000091300000|  0%| F|  |TAMS 0x0000000091200000| PB 0x0000000091200000| Untracked 
| 103|0x0000000091300000, 0x0000000091300000, 0x0000000091400000|  0%| F|  |TAMS 0x0000000091300000| PB 0x0000000091300000| Untracked 
| 104|0x0000000091400000, 0x0000000091400000, 0x0000000091500000|  0%| F|  |TAMS 0x0000000091400000| PB 0x0000000091400000| Untracked 
| 105|0x0000000091500000, 0x0000000091500000, 0x0000000091600000|  0%| F|  |TAMS 0x0000000091500000| PB 0x0000000091500000| Untracked 
| 106|0x0000000091600000, 0x0000000091600000, 0x0000000091700000|  0%| F|  |TAMS 0x0000000091600000| PB 0x0000000091600000| Untracked 
| 107|0x0000000091700000, 0x0000000091700000, 0x0000000091800000|  0%| F|  |TAMS 0x0000000091700000| PB 0x0000000091700000| Untracked 
| 108|0x0000000091800000, 0x0000000091800000, 0x0000000091900000|  0%| F|  |TAMS 0x0000000091800000| PB 0x0000000091800000| Untracked 
| 109|0x0000000091900000, 0x0000000091900000, 0x0000000091a00000|  0%| F|  |TAMS 0x0000000091900000| PB 0x0000000091900000| Untracked 
| 110|0x0000000091a00000, 0x0000000091a00000, 0x0000000091b00000|  0%| F|  |TAMS 0x0000000091a00000| PB 0x0000000091a00000| Untracked 
| 111|0x0000000091b00000, 0x0000000091b00000, 0x0000000091c00000|  0%| F|  |TAMS 0x0000000091b00000| PB 0x0000000091b00000| Untracked 
| 112|0x0000000091c00000, 0x0000000091cd0900, 0x0000000091d00000| 81%| E|  |TAMS 0x0000000091c00000| PB 0x0000000091c00000| Complete 
| 113|0x0000000091d00000, 0x0000000091e00000, 0x0000000091e00000|100%| E|CS|TAMS 0x0000000091d00000| PB 0x0000000091d00000| Complete 
| 114|0x0000000091e00000, 0x0000000091f00000, 0x0000000091f00000|100%| E|CS|TAMS 0x0000000091e00000| PB 0x0000000091e00000| Complete 
| 115|0x0000000091f00000, 0x0000000092000000, 0x0000000092000000|100%| E|CS|TAMS 0x0000000091f00000| PB 0x0000000091f00000| Complete 
| 116|0x0000000092000000, 0x0000000092100000, 0x0000000092100000|100%| E|CS|TAMS 0x0000000092000000| PB 0x0000000092000000| Complete 
| 117|0x0000000092100000, 0x0000000092200000, 0x0000000092200000|100%| E|CS|TAMS 0x0000000092100000| PB 0x0000000092100000| Complete 

Card table byte_map: [0x0000023cf8960000,0x0000023cf8d10000] _byte_map_base: 0x0000023cf850a000

Marking Bits: (CMBitMap*) 0x0000023ce100c830
 Bits: [0x0000023cf90c0000, 0x0000023cfae10000)

Polling page: 0x0000023cdeec0000

Metaspace:

Usage:
  Non-class:      4.29 MB used.
      Class:    490.41 KB used.
       Both:      4.77 MB used.

Virtual space:
  Non-class space:       64.00 MB reserved,       4.38 MB (  7%) committed,  1 nodes.
      Class space:        1.00 GB reserved,     576.00 KB ( <1%) committed,  1 nodes.
             Both:        1.06 GB reserved,       4.94 MB ( <1%) committed. 

Chunk freelists:
   Non-Class:  2.73 MB
       Class:  3.25 MB
        Both:  5.98 MB

MaxMetaspaceSize: unlimited
CompressedClassSpaceSize: 1.00 GB
Initial GC threshold: 21.00 MB
Current GC threshold: 21.00 MB
CDS: on
MetaspaceReclaimPolicy: balanced
 - commit_granule_bytes: 65536.
 - commit_granule_words: 8192.
 - virtual_space_node_default_size: 8388608.
 - enlarge_chunks_in_place: 1.
 - new_chunks_are_fully_committed: 0.
 - uncommit_free_chunks: 1.
 - use_allocation_guard: 0.


Internal statistics:

num_allocs_failed_limit: 0.
num_arena_births: 108.
num_arena_deaths: 0.
num_vsnodes_births: 2.
num_vsnodes_deaths: 0.
num_space_committed: 79.
num_space_uncommitted: 0.
num_chunks_returned_to_freelist: 0.
num_chunks_taken_from_freelist: 210.
num_chunk_merges: 0.
num_chunk_splits: 122.
num_chunks_enlarged: 55.
num_inconsistent_stats: 0.

CodeHeap 'non-profiled nmethods': size=120000Kb used=470Kb max_used=470Kb free=119530Kb
 bounds [0x0000023cf0b30000, 0x0000023cf0da0000, 0x0000023cf8060000]
CodeHeap 'profiled nmethods': size=120000Kb used=1725Kb max_used=1725Kb free=118274Kb
 bounds [0x0000023ce9060000, 0x0000023ce92d0000, 0x0000023cf0590000]
CodeHeap 'non-nmethods': size=5760Kb used=1420Kb max_used=1442Kb free=4339Kb
 bounds [0x0000023cf0590000, 0x0000023cf0800000, 0x0000023cf0b30000]
 total_blobs=1522 nmethods=1061 adapters=372
 compilation: enabled
              stopped_count=0, restarted_count=0
 full_count=0

Compilation events (20 events):
Event: 0.676 Thread 0x0000023cfda7a390 1020       3       java.math.BigInteger::primitiveLeftShift (37 bytes)
Event: 0.676 Thread 0x0000023cfda7a390 nmethod 1020 0x0000023ce91f6d10 code [0x0000023ce91f6ee0, 0x0000023ce91f73d8]
Event: 0.676 Thread 0x0000023cfda7a390 1023       3       java.math.BigInteger::squareToLen (33 bytes)
Event: 0.677 Thread 0x0000023cfda7a390 nmethod 1023 0x0000023ce91f7610 code [0x0000023ce91f77c0, 0x0000023ce91f7a60]
Event: 0.677 Thread 0x0000023cfda7a390 1021       3       java.math.BigInteger::montgomerySquare (49 bytes)
Event: 0.677 Thread 0x0000023cfda7a390 nmethod 1021 0x0000023ce91f7b90 code [0x0000023ce91f7d60, 0x0000023ce91f8140]
Event: 0.677 Thread 0x0000023cfda7a390 1022       3       java.math.BigInteger::implSquareToLenChecks (206 bytes)
Event: 0.678 Thread 0x0000023cfda7a390 nmethod 1022 0x0000023ce91f8310 code [0x0000023ce91f8780, 0x0000023ce91fa390]
Event: 0.678 Thread 0x0000023cfda7a390 1024       3       java.util.Arrays::hashCode (44 bytes)
Event: 0.678 Thread 0x0000023cfda7a390 nmethod 1024 0x0000023ce91faf10 code [0x0000023ce91fb0a0, 0x0000023ce91fb2c0]
Event: 0.678 Thread 0x0000023cfda7a390 1025       3       java.lang.String::valueOf (15 bytes)
Event: 0.678 Thread 0x0000023cfda7a390 nmethod 1025 0x0000023ce91fb390 code [0x0000023ce91fb520, 0x0000023ce91fb728]
Event: 0.680 Thread 0x0000023cfda7a390 1026       3       java.util.HashSet::contains (9 bytes)
Event: 0.680 Thread 0x0000023cfda7a390 nmethod 1026 0x0000023ce91fb810 code [0x0000023ce91fb9a0, 0x0000023ce91fbc20]
Event: 0.681 Thread 0x0000023cfda76f80 nmethod 1011% 0x0000023cf0ba0810 code [0x0000023cf0ba09a0, 0x0000023cf0ba0ef8]
Event: 0.681 Thread 0x0000023cfda76f80 1007       4       java.math.BigInteger::mulAdd (19 bytes)
Event: 0.681 Thread 0x0000023cfda7a390 1027       3       java.lang.String::startsWith (138 bytes)
Event: 0.682 Thread 0x0000023cfda7a390 nmethod 1027 0x0000023ce91fbd10 code [0x0000023ce91fbf20, 0x0000023ce91fc7a8]
Event: 0.682 Thread 0x0000023cfda76f80 nmethod 1007 0x0000023cf0ba1190 code [0x0000023cf0ba1300, 0x0000023cf0ba1478]
Event: 0.682 Thread 0x0000023cfda76f80 1028       4       sun.security.provider.SHA2::implCompress0 (448 bytes)

GC Heap History (2 events):
Event: 0.519 GC heap before
{Heap before GC invocations=0 (full 0):
 garbage-first heap   total 120832K, used 31744K [0x000000008ac00000, 0x0000000100000000)
  region size 1024K, 23 young (23552K), 0 survivors (0K)
 Metaspace       used 3130K, committed 3392K, reserved 1114112K
  class space    used 316K, committed 448K, reserved 1048576K
}
Event: 0.532 GC heap after
{Heap after GC invocations=1 (full 0):
 garbage-first heap   total 120832K, used 16000K [0x000000008ac00000, 0x0000000100000000)
  region size 1024K, 3 young (3072K), 3 survivors (3072K)
 Metaspace       used 3130K, committed 3392K, reserved 1114112K
  class space    used 316K, committed 448K, reserved 1048576K
}

Dll operation events (9 events):
Event: 0.010 Loaded shared library C:\Users\itsha\.jdks\openjdk-20.0.2\bin\java.dll
Event: 0.027 Loaded shared library C:\Users\itsha\.jdks\openjdk-20.0.2\bin\jsvml.dll
Event: 0.134 Loaded shared library C:\Users\itsha\.jdks\openjdk-20.0.2\bin\zip.dll
Event: 0.137 Loaded shared library C:\Users\itsha\.jdks\openjdk-20.0.2\bin\instrument.dll
Event: 0.144 Loaded shared library C:\Users\itsha\.jdks\openjdk-20.0.2\bin\net.dll
Event: 0.147 Loaded shared library C:\Users\itsha\.jdks\openjdk-20.0.2\bin\nio.dll
Event: 0.150 Loaded shared library C:\Users\itsha\.jdks\openjdk-20.0.2\bin\zip.dll
Event: 0.270 Loaded shared library C:\Users\itsha\.jdks\openjdk-20.0.2\bin\extnet.dll
Event: 0.316 Loaded shared library C:\Users\itsha\.jdks\openjdk-20.0.2\bin\jimage.dll

Deoptimization events (20 events):
Event: 0.681 Thread 0x0000023ce0fb5c20 DEOPT PACKING pc=0x0000023ce91e7922 sp=0x000000f5614fd0e0
Event: 0.681 Thread 0x0000023ce0fb5c20 DEOPT UNPACKING pc=0x0000023cf05fa4c2 sp=0x000000f5614fc558 mode 0
Event: 0.681 Thread 0x0000023ce0fb5c20 DEOPT PACKING pc=0x0000023ce91e7ac0 sp=0x000000f5614fd0e0
Event: 0.681 Thread 0x0000023ce0fb5c20 DEOPT UNPACKING pc=0x0000023cf05fa4c2 sp=0x000000f5614fc558 mode 0
Event: 0.682 Thread 0x0000023ce0fb5c20 DEOPT PACKING pc=0x0000023ce91e7ac0 sp=0x000000f5614fd0e0
Event: 0.682 Thread 0x0000023ce0fb5c20 DEOPT UNPACKING pc=0x0000023cf05fa4c2 sp=0x000000f5614fc558 mode 0
Event: 0.682 Thread 0x0000023ce0fb5c20 DEOPT PACKING pc=0x0000023ce91e7ac0 sp=0x000000f5614fd0e0
Event: 0.682 Thread 0x0000023ce0fb5c20 DEOPT UNPACKING pc=0x0000023cf05fa4c2 sp=0x000000f5614fc558 mode 0
Event: 0.682 Thread 0x0000023ce0fb5c20 DEOPT PACKING pc=0x0000023ce91e7ac0 sp=0x000000f5614fd0e0
Event: 0.682 Thread 0x0000023ce0fb5c20 DEOPT UNPACKING pc=0x0000023cf05fa4c2 sp=0x000000f5614fc558 mode 0
Event: 0.682 Thread 0x0000023ce0fb5c20 DEOPT PACKING pc=0x0000023ce91e7922 sp=0x000000f5614fd0e0
Event: 0.682 Thread 0x0000023ce0fb5c20 DEOPT UNPACKING pc=0x0000023cf05fa4c2 sp=0x000000f5614fc558 mode 0
Event: 0.682 Thread 0x0000023ce0fb5c20 DEOPT PACKING pc=0x0000023ce91e7922 sp=0x000000f5614fd0e0
Event: 0.682 Thread 0x0000023ce0fb5c20 DEOPT UNPACKING pc=0x0000023cf05fa4c2 sp=0x000000f5614fc558 mode 0
Event: 0.682 Thread 0x0000023ce0fb5c20 DEOPT PACKING pc=0x0000023ce91e7922 sp=0x000000f5614fd0e0
Event: 0.682 Thread 0x0000023ce0fb5c20 DEOPT UNPACKING pc=0x0000023cf05fa4c2 sp=0x000000f5614fc558 mode 0
Event: 0.683 Thread 0x0000023ce0fb5c20 DEOPT PACKING pc=0x0000023ce91e7ac0 sp=0x000000f5614fd0e0
Event: 0.683 Thread 0x0000023ce0fb5c20 DEOPT UNPACKING pc=0x0000023cf05fa4c2 sp=0x000000f5614fc558 mode 0
Event: 0.683 Thread 0x0000023ce0fb5c20 DEOPT PACKING pc=0x0000023ce91e7ac0 sp=0x000000f5614fd0e0
Event: 0.683 Thread 0x0000023ce0fb5c20 DEOPT UNPACKING pc=0x0000023cf05fa4c2 sp=0x000000f5614fc558 mode 0

Classes loaded (20 events):
Event: 0.640 Loading class java/security/spec/DSAParameterSpec
Event: 0.640 Loading class java/security/spec/DSAParameterSpec done
Event: 0.665 Loading class java/math/SignedMutableBigInteger
Event: 0.665 Loading class java/math/SignedMutableBigInteger done
Event: 0.678 Loading class java/security/CodeSigner
Event: 0.679 Loading class java/security/CodeSigner done
Event: 0.679 Loading class sun/security/util/JarConstraintsParameters
Event: 0.679 Loading class sun/security/util/ConstraintsParameters
Event: 0.679 Loading class sun/security/util/ConstraintsParameters done
Event: 0.679 Loading class sun/security/util/JarConstraintsParameters done
Event: 0.680 Loading class java/security/interfaces/ECKey
Event: 0.680 Loading class java/security/interfaces/ECKey done
Event: 0.680 Loading class java/security/interfaces/XECKey
Event: 0.680 Loading class java/security/interfaces/XECKey done
Event: 0.680 Loading class sun/security/util/KeyUtil
Event: 0.680 Loading class sun/security/util/KeyUtil done
Event: 0.680 Loading class sun/security/util/Length
Event: 0.680 Loading class sun/security/util/Length done
Event: 0.680 Loading class javax/crypto/SecretKey
Event: 0.681 Loading class javax/crypto/SecretKey done

Classes unloaded (0 events):
No events

Classes redefined (0 events):
No events

Internal exceptions (8 events):
Event: 0.252 Thread 0x0000023ce0fb5c20 Exception <a 'java/lang/NoSuchMethodError'{0x00000000919ddd30}: 'void java.lang.invoke.DirectMethodHandle$Holder.invokeStatic(java.lang.Object, java.lang.Object, java.lang.Object)'> (0x00000000919ddd30) 
thrown [s\open\src\hotspot\share\interpreter\linkResolver.cpp, line 773]
Event: 0.256 Thread 0x0000023ce0fb5c20 Exception <a 'java/lang/NoSuchMethodError'{0x00000000919f5238}: 'java.lang.Object java.lang.invoke.Invokers$Holder.invokeExact_MT(java.lang.Object, java.lang.Object, java.lang.Object, java.lang.Object, java.lang.Object)'> (0x00000000919f5238) 
thrown [s\open\src\hotspot\share\interpreter\linkResolver.cpp, line 773]
Event: 0.271 Thread 0x0000023cfe0a0e80 Exception <a 'java/lang/NoSuchMethodError'{0x000000009187d3b8}: 'void java.lang.invoke.DirectMethodHandle$Holder.invokeStatic(java.lang.Object, java.lang.Object)'> (0x000000009187d3b8) 
thrown [s\open\src\hotspot\share\interpreter\linkResolver.cpp, line 773]
Event: 0.352 Thread 0x0000023ce0fb5c20 Exception <a 'java/lang/NoSuchMethodError'{0x00000000916d4b58}: 'java.lang.Object java.lang.invoke.DirectMethodHandle$Holder.invokeSpecial(java.lang.Object, java.lang.Object, java.lang.Object, long, java.lang.Object)'> (0x00000000916d4b58) 
thrown [s\open\src\hotspot\share\interpreter\linkResolver.cpp, line 773]
Event: 0.352 Thread 0x0000023ce0fb5c20 Exception <a 'java/lang/NoSuchMethodError'{0x00000000916d84a8}: 'java.lang.Object java.lang.invoke.Invokers$Holder.linkToTargetMethod(java.lang.Object, long, java.lang.Object, java.lang.Object)'> (0x00000000916d84a8) 
thrown [s\open\src\hotspot\share\interpreter\linkResolver.cpp, line 773]
Event: 0.422 Thread 0x0000023ce0fb5c20 Exception <a 'java/lang/NoSuchMethodError'{0x00000000914f4f68}: 'void java.lang.invoke.DirectMethodHandle$Holder.invokeStatic(java.lang.Object, java.lang.Object, java.lang.Object, java.lang.Object)'> (0x00000000914f4f68) 
thrown [s\open\src\hotspot\share\interpreter\linkResolver.cpp, line 773]
Event: 0.465 Thread 0x0000023ce0fb5c20 Exception <a 'java/lang/NoSuchMethodError'{0x00000000912220d8}: 'int java.lang.invoke.DirectMethodHandle$Holder.invokeStaticInit(java.lang.Object, java.lang.Object)'> (0x00000000912220d8) 
thrown [s\open\src\hotspot\share\interpreter\linkResolver.cpp, line 773]
Event: 0.552 Thread 0x0000023ce0fb5c20 Exception <a 'java/lang/NoSuchMethodError'{0x000000009212fe58}: 'void java.lang.invoke.DirectMethodHandle$Holder.invokeVirtual(java.lang.Object, java.lang.Object)'> (0x000000009212fe58) 
thrown [s\open\src\hotspot\share\interpreter\linkResolver.cpp, line 773]

VM Operations (16 events):
Event: 0.123 Executing VM operation: HandshakeAllThreads
Event: 0.123 Executing VM operation: HandshakeAllThreads done
Event: 0.262 Executing VM operation: HandshakeAllThreads
Event: 0.262 Executing VM operation: HandshakeAllThreads done
Event: 0.296 Executing VM operation: HandshakeAllThreads
Event: 0.296 Executing VM operation: HandshakeAllThreads done
Event: 0.313 Executing VM operation: HandshakeAllThreads
Event: 0.313 Executing VM operation: HandshakeAllThreads done
Event: 0.321 Executing VM operation: HandshakeAllThreads
Event: 0.321 Executing VM operation: HandshakeAllThreads done
Event: 0.389 Executing VM operation: HandshakeAllThreads
Event: 0.389 Executing VM operation: HandshakeAllThreads done
Event: 0.519 Executing VM operation: G1CollectForAllocation
Event: 0.532 Executing VM operation: G1CollectForAllocation done
Event: 0.537 Executing VM operation: HandshakeAllThreads
Event: 0.537 Executing VM operation: HandshakeAllThreads done

Events (13 events):
Event: 0.027 Thread 0x0000023ce0fb5c20 Thread added: 0x0000023ce0fb5c20
Event: 0.038 Thread 0x0000023cfda6b1e0 Thread added: 0x0000023cfda6b1e0
Event: 0.038 Thread 0x0000023cfda6be80 Thread added: 0x0000023cfda6be80
Event: 0.039 Thread 0x0000023cfda6d930 Thread added: 0x0000023cfda6d930
Event: 0.039 Thread 0x0000023cfda6ff30 Thread added: 0x0000023cfda6ff30
Event: 0.039 Thread 0x0000023cfda71880 Thread added: 0x0000023cfda71880
Event: 0.039 Thread 0x0000023cfda74300 Thread added: 0x0000023cfda74300
Event: 0.039 Thread 0x0000023cfda76f80 Thread added: 0x0000023cfda76f80
Event: 0.039 Thread 0x0000023cfda7a390 Thread added: 0x0000023cfda7a390
Event: 0.118 Thread 0x0000023cfdc9d8c0 Thread added: 0x0000023cfdc9d8c0
Event: 0.171 Thread 0x0000023cfddf6b30 Thread added: 0x0000023cfddf6b30
Event: 0.259 Thread 0x0000023cfe0a0e80 Thread added: 0x0000023cfe0a0e80
Event: 0.259 Thread 0x0000023cfe272270 Thread added: 0x0000023cfe272270


Dynamic libraries:
0x00007ff70ffc0000 - 0x00007ff70ffce000 	C:\Users\itsha\.jdks\openjdk-20.0.2\bin\java.exe
0x00007ffef0110000 - 0x00007ffef0327000 	C:\WINDOWS\SYSTEM32\ntdll.dll
0x00007ffeee970000 - 0x00007ffeeea34000 	C:\WINDOWS\System32\KERNEL32.DLL
0x00007ffeed5c0000 - 0x00007ffeed993000 	C:\WINDOWS\System32\KERNELBASE.dll
0x00007ffeed9a0000 - 0x00007ffeedab1000 	C:\WINDOWS\System32\ucrtbase.dll
0x00007ffee1f30000 - 0x00007ffee1f47000 	C:\Users\itsha\.jdks\openjdk-20.0.2\bin\jli.dll
0x00007ffee1f50000 - 0x00007ffee1f6b000 	C:\Users\itsha\.jdks\openjdk-20.0.2\bin\VCRUNTIME140.dll
0x00007ffeee410000 - 0x00007ffeee5c1000 	C:\WINDOWS\System32\USER32.dll
0x00007ffeda0f0000 - 0x00007ffeda388000 	C:\WINDOWS\WinSxS\amd64_microsoft.windows.common-controls_6595b64144ccf1df_6.0.22621.5124_none_270e8f4f7386d69d\COMCTL32.dll
0x00007ffeed230000 - 0x00007ffeed256000 	C:\WINDOWS\System32\win32u.dll
0x00007ffeeea70000 - 0x00007ffeeeb17000 	C:\WINDOWS\System32\msvcrt.dll
0x00007ffeeea40000 - 0x00007ffeeea69000 	C:\WINDOWS\System32\GDI32.dll
0x00007ffeedca0000 - 0x00007ffeeddbb000 	C:\WINDOWS\System32\gdi32full.dll
0x00007ffeedac0000 - 0x00007ffeedb5a000 	C:\WINDOWS\System32\msvcp_win.dll
0x00007ffeee310000 - 0x00007ffeee341000 	C:\WINDOWS\System32\IMM32.DLL
0x00007ffee3cc0000 - 0x00007ffee3ccc000 	C:\Users\itsha\.jdks\openjdk-20.0.2\bin\vcruntime140_1.dll
0x00007ffedb260000 - 0x00007ffedb2ee000 	C:\Users\itsha\.jdks\openjdk-20.0.2\bin\msvcp140.dll
0x00007ffe2dc70000 - 0x00007ffe2e908000 	C:\Users\itsha\.jdks\openjdk-20.0.2\bin\server\jvm.dll
0x00007ffeeefb0000 - 0x00007ffeef061000 	C:\WINDOWS\System32\ADVAPI32.dll
0x00007ffeeec40000 - 0x00007ffeeece8000 	C:\WINDOWS\System32\sechost.dll
0x00007ffeed450000 - 0x00007ffeed478000 	C:\WINDOWS\System32\bcrypt.dll
0x00007ffeeeb20000 - 0x00007ffeeec34000 	C:\WINDOWS\System32\RPCRT4.dll
0x00007ffee8d60000 - 0x00007ffee8d94000 	C:\WINDOWS\SYSTEM32\WINMM.dll
0x00007ffee1f20000 - 0x00007ffee1f29000 	C:\WINDOWS\SYSTEM32\WSOCK32.dll
0x00007ffee4e90000 - 0x00007ffee4e9a000 	C:\WINDOWS\SYSTEM32\VERSION.dll
0x00007ffeef170000 - 0x00007ffeef1e1000 	C:\WINDOWS\System32\WS2_32.dll
0x00007ffeec230000 - 0x00007ffeec248000 	C:\WINDOWS\SYSTEM32\kernel.appcore.dll
0x00007ffee1f10000 - 0x00007ffee1f1a000 	C:\Users\itsha\.jdks\openjdk-20.0.2\bin\jimage.dll
0x00007ffee5b00000 - 0x00007ffee5d32000 	C:\WINDOWS\SYSTEM32\DBGHELP.DLL
0x00007ffeee5d0000 - 0x00007ffeee962000 	C:\WINDOWS\System32\combase.dll
0x00007ffeef250000 - 0x00007ffeef327000 	C:\WINDOWS\System32\OLEAUT32.dll
0x00007ffee5060000 - 0x00007ffee5092000 	C:\WINDOWS\SYSTEM32\dbgcore.DLL
0x00007ffeed480000 - 0x00007ffeed4fb000 	C:\WINDOWS\System32\bcryptPrimitives.dll
0x00007ffee1f00000 - 0x00007ffee1f0e000 	C:\Users\itsha\.jdks\openjdk-20.0.2\bin\instrument.dll
0x00007ffee1a30000 - 0x00007ffee1a56000 	C:\Users\itsha\.jdks\openjdk-20.0.2\bin\java.dll
0x00007ffed22f0000 - 0x00007ffed23c7000 	C:\Users\itsha\.jdks\openjdk-20.0.2\bin\jsvml.dll
0x00007ffeef830000 - 0x00007ffef00c6000 	C:\WINDOWS\System32\SHELL32.dll
0x00007ffeedb60000 - 0x00007ffeedc9f000 	C:\WINDOWS\System32\wintypes.dll
0x00007ffeeb110000 - 0x00007ffeeba2a000 	C:\WINDOWS\SYSTEM32\windows.storage.dll
0x00007ffeeeea0000 - 0x00007ffeeefaa000 	C:\WINDOWS\System32\SHCORE.dll
0x00007ffeef7b0000 - 0x00007ffeef813000 	C:\WINDOWS\System32\shlwapi.dll
0x00007ffeed160000 - 0x00007ffeed18b000 	C:\WINDOWS\SYSTEM32\profapi.dll
0x00007ffedb5c0000 - 0x00007ffedb5d8000 	C:\Users\itsha\.jdks\openjdk-20.0.2\bin\zip.dll
0x00007ffee1a10000 - 0x00007ffee1a23000 	C:\Users\itsha\.jdks\openjdk-20.0.2\bin\net.dll
0x00007ffee99d0000 - 0x00007ffee9afc000 	C:\WINDOWS\SYSTEM32\WINHTTP.dll
0x00007ffeec6c0000 - 0x00007ffeec72a000 	C:\WINDOWS\system32\mswsock.dll
0x00007ffee19f0000 - 0x00007ffee1a06000 	C:\Users\itsha\.jdks\openjdk-20.0.2\bin\nio.dll
0x00007ffedb5b0000 - 0x00007ffedb5b7000 	C:\Users\itsha\.jdks\openjdk-20.0.2\bin\extnet.dll

dbghelp: loaded successfully - version: 4.0.5 - missing functions: none
symbol engine: initialized successfully - sym options: 0x614 - pdb path: .;C:\Users\itsha\.jdks\openjdk-20.0.2\bin;C:\WINDOWS\SYSTEM32;C:\WINDOWS\WinSxS\amd64_microsoft.windows.common-controls_6595b64144ccf1df_6.0.22621.5124_none_270e8f4f7386d69d;C:\Users\itsha\.jdks\openjdk-20.0.2\bin\server

VM Arguments:
jvm_args: -javaagent:C:\Program Files\JetBrains\IntelliJ IDEA Community Edition 2023.2.2\lib\idea_rt.jar=54630 -Dfile.encoding=UTF-8 -Dsun.stdout.encoding=UTF-8 -Dsun.stderr.encoding=UTF-8 
java_command: com.hotel.department_microservice.DepartmentMicroServiceApplication
java_class_path (initial): D:\HotelManagement-System\department-microservice\target\classes;C:\Users\itsha\.m2\repository\org\springframework\boot\spring-boot-starter-data-jpa\3.4.4\spring-boot-starter-data-jpa-3.4.4.jar;C:\Users\itsha\.m2\repository\org\springframework\boot\spring-boot-starter\3.4.4\spring-boot-starter-3.4.4.jar;C:\Users\itsha\.m2\repository\org\springframework\boot\spring-boot-starter-logging\3.4.4\spring-boot-starter-logging-3.4.4.jar;C:\Users\itsha\.m2\repository\ch\qos\logback\logback-classic\1.5.18\logback-classic-1.5.18.jar;C:\Users\itsha\.m2\repository\ch\qos\logback\logback-core\1.5.18\logback-core-1.5.18.jar;C:\Users\itsha\.m2\repository\org\apache\logging\log4j\log4j-to-slf4j\2.24.3\log4j-to-slf4j-2.24.3.jar;C:\Users\itsha\.m2\repository\org\apache\logging\log4j\log4j-api\2.24.3\log4j-api-2.24.3.jar;C:\Users\itsha\.m2\repository\org\slf4j\jul-to-slf4j\2.0.17\jul-to-slf4j-2.0.17.jar;C:\Users\itsha\.m2\repository\jakarta\annotation\jakarta.annotation-api\2.1.1\jakarta.annotation-api-2.1.1.jar;C:\Users\itsha\.m2\repository\org\yaml\snakeyaml\2.3\snakeyaml-2.3.jar;C:\Users\itsha\.m2\repository\org\springframework\boot\spring-boot-starter-jdbc\3.4.4\spring-boot-starter-jdbc-3.4.4.jar;C:\Users\itsha\.m2\repository\com\zaxxer\HikariCP\5.1.0\HikariCP-5.1.0.jar;C:\Users\itsha\.m2\repository\org\springframework\spring-jdbc\6.2.5\spring-jdbc-6.2.5.jar;C:\Users\itsha\.m2\repository\org\hibernate\orm\hibernate-core\6.6.11.Final\hibernate-core-6.6.11.Final.jar;C:\Users\itsha\.m2\repository\jakarta\persistence\jakarta.persistence-api\3.1.0\jakarta.persistence-api-3.1.0.jar;C:\Users\itsha\.m2\repository\jakarta\transaction\jakarta.transaction-api\2.0.1\jakarta.transaction-api-2.0.1.jar;C:\Users\itsha\.m2\repository\org\jboss\logging\jboss-logging\3.6.1.Final\jboss-logging-3.6.1.Final.jar;C:\Users\itsha\.m2\repository\org\hibernate\common\hibernate-commons-annotations\7.0.3.Final\hibernate-commons-annotations-7.0.3.Final.jar;C:\Users\itsha\.m2\repository\io\smallrye\jandex\3.2.0\jandex-3.2.0.jar;C:\Users\itsha\.m2\repository\com\fasterxml\classmate\1.7.0\classmate-1.7.0.jar;C:\Users\itsha\.m2\repository\net\bytebuddy\byte-buddy\1.15.11\byte-buddy-1.15.11.jar;C:\Users\itsha\.m2\repository\org\glassfish\jaxb\jaxb-runtime\4.0.5\jaxb-runtime-4.0.5.jar;C:\Users\itsha\.m2\repository\org\glassfish\jaxb\jaxb-core\4.0.5\jaxb-core-4.0.5.jar;C:\Users\itsha\.m2\repository\org\eclipse\angus\angus-activation\2.0.2\angus-activation-2.0.2.jar;C:\Users\itsha\.m2\repository\org\glassfish\jaxb\txw2\4.0.5\txw2-4.0.5.jar;C:\Users\itsha\.m2\repository\com\sun\istack\istack-commons-runtime\4.1.2\istack-commons-runtime-4.1.2.jar;C:\Users\itsha\.m2\repository\jakarta\inject\jakarta.inject-api\2.0.1\jakarta.inject-api-2.0.1.jar;C:\Users\itsha\.m2\repository\org\antlr\antlr4-runtime\4.13.0\antlr4-runtime-4.13.0.jar;C:\Users\itsha\.m2\repository\org\springframework\data\spring-data-jpa\3.4.4\spring-data-jpa-3.4.4.jar;C:\Users\itsha\.m2\repository\org\springframework\data\spring-data-commons\3.4.4\spring-data-commons-3.4.4.jar;C:\Users\itsha\.m2\repository\org\springframework\spring-orm\6.2.5\spring-orm-6.2.5.jar;C:\Users\itsha\.m2\repository\org\springframework\spring-context\6.2.5\spring-context-6.2.5.jar;C:\Users\itsha\.m2\repository\org\springframework\spring-aop\6.2.5\spring-aop-6.2.5.jar;C:\Users\itsha\.m2\repository\org\springframework\spring-tx\6.2.5\spring-tx-6.2.5.jar;C:\Users\itsha\.m2\repository\org\springframework\spring-beans\6.2.5\spring-beans-6.2.5.jar;C:\Users\itsha\.m2\repository\org\slf4j\slf4j-api\2.0.17\slf4j-api-2.0.17.jar;C:\Users\itsha\.m2\repository\org\springframework\spring-aspects\6.2.5\spring-aspects-6.2.5.jar;C:\Users\itsha\.m2\repository\org\aspectj\aspectjweaver\1.9.23\aspectjweaver-1.9.23.jar;C:\Users\itsha\.m2\repository\org\springframework\boot\spring-boot-starter-web\3.4.4\spring-boot-starter-web-3.4.4.jar;C:\Users\itsha\.m2\repository\org\springframework\boot\spring-boot-starter-json\3.4.4\spring-boot-starter-json-3.4.4.jar;C:\Users\itsha\.m2\repository\com\fasterxml\jackson\core\jackson-databind\2.18.3\jackson-databind-2.18.3.jar;C:\Users\itsha\.m2\repository\com\fasterxml\jackson\datatype\jackson-datatype-jdk8\2.18.3\jackson-datatype-jdk8-2.18.3.jar;C:\Users\itsha\.m2\repository\com\fasterxml\jackson\datatype\jackson-datatype-jsr310\2.18.3\jackson-datatype-jsr310-2.18.3.jar;C:\Users\itsha\.m2\repository\com\fasterxml\jackson\module\jackson-module-parameter-names\2.18.3\jackson-module-parameter-names-2.18.3.jar;C:\Users\itsha\.m2\repository\org\springframework\boot\spring-boot-starter-tomcat\3.4.4\spring-boot-starter-tomcat-3.4.4.jar;C:\Users\itsha\.m2\repository\org\apache\tomcat\embed\tomcat-embed-core\10.1.39\tomcat-embed-core-10.1.39.jar;C:\Users\itsha\.m2\repository\org\apache\tomcat\embed\tomcat-embed-el\10.1.39\tomcat-embed-el-10.1.39.jar;C:\Users\itsha\.m2\repository\org\apache\tomcat\embed\tomcat-embed-websocket\10.1.39\tomcat-embed-websocket-10.1.39.jar;C:\Users\itsha\.m2\repository\org\springframework\spring-web\6.2.5\spring-web-6.2.5.jar;C:\Users\itsha\.m2\repository\io\micrometer\micrometer-observation\1.14.5\micrometer-observation-1.14.5.jar;C:\Users\itsha\.m2\repository\io\micrometer\micrometer-commons\1.14.5\micrometer-commons-1.14.5.jar;C:\Users\itsha\.m2\repository\org\springframework\spring-webmvc\6.2.5\spring-webmvc-6.2.5.jar;C:\Users\itsha\.m2\repository\org\springframework\spring-expression\6.2.5\spring-expression-6.2.5.jar;C:\Users\itsha\.m2\repository\org\springframework\cloud\spring-cloud-starter-netflix-eureka-client\4.2.1\spring-cloud-starter-netflix-eureka-client-4.2.1.jar;C:\Users\itsha\.m2\repository\org\springframework\cloud\spring-cloud-starter\4.2.1\spring-cloud-starter-4.2.1.jar;C:\Users\itsha\.m2\repository\org\springframework\cloud\spring-cloud-context\4.2.1\spring-cloud-context-4.2.1.jar;C:\Users\itsha\.m2\repository\org\springframework\security\spring-security-crypto\6.4.4\spring-security-crypto-6.4.4.jar;C:\Users\itsha\.m2\repository\org\springframework\cloud\spring-cloud-commons\4.2.1\spring-cloud-commons-4.2.1.jar;C:\Users\itsha\.m2\repository\org\bouncycastle\bcprov-jdk18on\1.78.1\bcprov-jdk18on-1.78.1.jar;C:\Users\itsha\.m2\repository\org\springframework\cloud\spring-cloud-netflix-eureka-client\4.2.1\spring-cloud-netflix-eureka-client-4.2.1.jar;C:\Users\itsha\.m2\repository\org\apache\httpcomponents\client5\httpclient5\5.4.2\httpclient5-5.4.2.jar;C:\Users\itsha\.m2\repository\org\apache\httpcomponents\core5\httpcore5\5.3.3\httpcore5-5.3.3.jar;C:\Users\itsha\.m2\repository\org\apache\httpcomponents\core5\httpcore5-h2\5.3.3\httpcore5-h2-5.3.3.jar;C:\Users\itsha\.m2\repository\com\netflix\eureka\eureka-client\2.0.4\eureka-client-2.0.4.jar;C:\Users\itsha\.m2\repository\com\thoughtworks\xstream\xstream\1.4.20\xstream-1.4.20.jar;C:\Users\itsha\.m2\repository\io\github\x-stream\mxparser\1.2.2\mxparser-1.2.2.jar;C:\Users\itsha\.m2\repository\xmlpull\xmlpull\1.1.3.1\xmlpull-1.1.3.1.jar;C:\Users\itsha\.m2\repository\jakarta\ws\rs\jakarta.ws.rs-api\3.1.0\jakarta.ws.rs-api-3.1.0.jar;C:\Users\itsha\.m2\repository\com\netflix\spectator\spectator-api\1.7.3\spectator-api-1.7.3.jar;C:\Users\itsha\.m2\repository\org\apache\httpcomponents\httpclient\4.5.3\httpclient-4.5.3.jar;C:\Users\itsha\.m2\repository\org\apache\httpcomponents\httpcore\4.4.16\httpcore-4.4.16.jar;C:\Users\itsha\.m2\repository\commons-codec\commons-codec\1.17.2\commons-codec-1.17.2.jar;C:\Users\itsha\.m2\repository\commons-configuration\commons-configuration\1.10\commons-configuration-1.10.jar;C:\Users\itsha\.m2\repository\commons-lang\commons-lang\2.6\commons-lang-2.6.jar;C:\Users\itsha\.m2\repository\com\fasterxml\jackson\core\jackson-annotations\2.18.3\jackson-annotations-2.18.3.jar;C:\Users\itsha\.m2\repository\com\fasterxml\jackson\core\jackson-core\2.18.3\jackson-core-2.18.3.jar;C:\Users\itsha\.m2\repository\com\netflix\netflix-commons\netflix-eventbus\0.3.0\netflix-eventbus-0.3.0.jar;C:\Users\itsha\.m2\repository\com\netflix\netflix-commons\netflix-infix\0.3.0\netflix-infix-0.3.0.jar;C:\Users\itsha\.m2\repository\commons-jxpath\commons-jxpath\1.3\commons-jxpath-1.3.jar;C:\Users\itsha\.m2\repository\joda-time\joda-time\2.3\joda-time-2.3.jar;C:\Users\itsha\.m2\repository\org\antlr\antlr-runtime\3.4\antlr-runtime-3.4.jar;C:\Users\itsha\.m2\repository\org\antlr\stringtemplate\3.2.1\stringtemplate-3.2.1.jar;C:\Users\itsha\.m2\repository\antlr\antlr\2.7.7\antlr-2.7.7.jar;C:\Users\itsha\.m2\repository\com\google\guava\guava\14.0.1\guava-14.0.1.jar;C:\Users\itsha\.m2\repository\com\google\code\gson\gson\2.11.0\gson-2.11.0.jar;C:\Users\itsha\.m2\repository\com\google\errorprone\error_prone_annotations\2.27.0\error_prone_annotations-2.27.0.jar;C:\Users\itsha\.m2\repository\com\netflix\servo\servo-core\0.5.3\servo-core-0.5.3.jar;C:\Users\itsha\.m2\repository\org\apache\commons\commons-math\2.2\commons-math-2.2.jar;C:\Users\itsha\.m2\repository\javax\annotation\javax.annotation-api\1.2\javax.annotation-api-1.2.jar;C:\Users\itsha\.m2\repository\org\codehaus\jettison\jettison\1.5.4\jettison-1.5.4.jar;C:\Users\itsha\.m2\repository\org\springframework\cloud\spring-cloud-starter-loadbalancer\4.2.1\spring-cloud-starter-loadbalancer-4.2.1.jar;C:\Users\itsha\.m2\repository\org\springframework\cloud\spring-cloud-loadbalancer\4.2.1\spring-cloud-loadbalancer-4.2.1.jar;C:\Users\itsha\.m2\repository\io\projectreactor\reactor-core\3.7.4\reactor-core-3.7.4.jar;C:\Users\itsha\.m2\repository\org\reactivestreams\reactive-streams\1.0.4\reactive-streams-1.0.4.jar;C:\Users\itsha\.m2\repository\io\projectreactor\addons\reactor-extra\3.5.2\reactor-extra-3.5.2.jar;C:\Users\itsha\.m2\repository\org\springframework\boot\spring-boot-starter-cache\3.4.4\spring-boot-starter-cache-3.4.4.jar;C:\Users\itsha\.m2\repository\org\springframework\spring-context-support\6.2.5\spring-context-support-6.2.5.jar;C:\Users\itsha\.m2\repository\com\stoyanr\evictor\1.0.0\evictor-1.0.0.jar;C:\Users\itsha\.m2\repository\org\springframework\boot\spring-boot-devtools\3.4.4\spring-boot-devtools-3.4.4.jar;C:\Users\itsha\.m2\repository\org\springframework\boot\spring-boot\3.4.4\spring-boot-3.4.4.jar;C:\Users\itsha\.m2\repository\org\springframework\boot\spring-boot-autoconfigure\3.4.4\spring-boot-autoconfigure-3.4.4.jar;C:\Users\itsha\.m2\repository\com\mysql\mysql-connector-j\9.1.0\mysql-connector-j-9.1.0.jar;C:\Users\itsha\.m2\repository\org\projectlombok\lombok\1.18.36\lombok-1.18.36.jar;C:\Users\itsha\.m2\repository\jakarta\xml\bind\jakarta.xml.bind-api\4.0.2\jakarta.xml.bind-api-4.0.2.jar;C:\Users\itsha\.m2\repository\jakarta\activation\jakarta.activation-api\2.1.3\jakarta.activation-api-2.1.3.jar;C:\Users\itsha\.m2\repository\org\springframework\spring-core\6.2.5\spring-core-6.2.5.jar;C:\Users\itsha\.m2\repository\org\springframework\spring-jcl\6.2.5\spring-jcl-6.2.5.jar
Launcher Type: SUN_STANDARD

[Global flags]
     intx CICompilerCount                          = 4                                         {product} {ergonomic}
     uint ConcGCThreads                            = 3                                         {product} {ergonomic}
     uint G1ConcRefinementThreads                  = 10                                        {product} {ergonomic}
   size_t G1HeapRegionSize                         = 1048576                                   {product} {ergonomic}
    uintx GCDrainStackTargetSize                   = 64                                        {product} {ergonomic}
   size_t InitialHeapSize                          = 123731968                                 {product} {ergonomic}
   size_t MarkStackSize                            = 4194304                                   {product} {ergonomic}
   size_t MaxHeapSize                              = 1967128576                                {product} {ergonomic}
   size_t MaxNewSize                               = 1179648000                                {product} {ergonomic}
   size_t MinHeapDeltaBytes                        = 1048576                                   {product} {ergonomic}
   size_t MinHeapSize                              = 8388608                                   {product} {ergonomic}
    uintx NonNMethodCodeHeapSize                   = 5839372                                {pd product} {ergonomic}
    uintx NonProfiledCodeHeapSize                  = 122909434                              {pd product} {ergonomic}
    uintx ProfiledCodeHeapSize                     = 122909434                              {pd product} {ergonomic}
    uintx ReservedCodeCacheSize                    = 251658240                              {pd product} {ergonomic}
     bool SegmentedCodeCache                       = true                                      {product} {ergonomic}
   size_t SoftMaxHeapSize                          = 1967128576                             {manageable} {ergonomic}
     bool UseCompressedClassPointers               = true                           {product lp64_product} {ergonomic}
     bool UseCompressedOops                        = true                           {product lp64_product} {ergonomic}
     bool UseG1GC                                  = true                                      {product} {ergonomic}
     bool UseLargePagesIndividualAllocation        = false                                  {pd product} {ergonomic}

Logging:
Log output configuration:
 #0: stdout all=warning uptime,level,tags foldmultilines=false
 #1: stderr all=off uptime,level,tags foldmultilines=false

Environment Variables:
PATH=C:\Program Files\Common Files\Oracle\Java\javapath;C:\WINDOWS\system32;C:\WINDOWS;C:\WINDOWS\System32\Wbem;C:\WINDOWS\System32\WindowsPowerShell\v1.0\;C:\WINDOWS\System32\OpenSSH\;C:\Program Files\nodejs\;C:\Program Files\Git\cmd;C:\nginx;C:\Program Files\MySQL\MySQL Server 8.0\bin;C:\Program Files\MySQL\MySQL Shell 8.0\bin\;C:\Users\itsha\AppData\Local\Microsoft\WindowsApps;C:\Program Files\JetBrains\IntelliJ IDEA Community Edition 2023.2.2\bin;;C:\Users\itsha\AppData\Local\Programs\Microsoft VS Code\bin;C:\ProgramData\itsha\GitHubDesktop\bin;C:\Users\itsha\AppData\Local\GitHubDesktop\bin;C:\Users\itsha\AppData\Roaming\npm
USERNAME=itsha
OS=Windows_NT
PROCESSOR_IDENTIFIER=AMD64 Family 23 Model 104 Stepping 1, AuthenticAMD
TMP=C:\Users\itsha\AppData\Local\Temp
TEMP=C:\Users\itsha\AppData\Local\Temp




---------------  S Y S T E M  ---------------

OS:
 Windows 11 , 64 bit Build 22621 (10.0.22621.5124)
OS uptime: 6 days 20:36 hours
Hyper-V role detected

CPU: total 12 (initial active 12) (12 cores per cpu, 2 threads per core) family 23 model 104 stepping 1 microcode 0x0, cx8, cmov, fxsr, ht, mmx, 3dnowpref, sse, sse2, sse3, ssse3, sse4a, sse4.1, sse4.2, popcnt, lzcnt, tsc, tscinvbit, avx, avx2, aes, clmul, bmi1, bmi2, adx, sha, fma, vzeroupper, clflush, clflushopt, hv, rdtscp, rdpid, f16c

Memory: 4k page, system-wide physical 7501M (362M free)
TotalPageFile size 20854M (AvailPageFile size 4M)
current process WorkingSet (physical memory assigned to process): 95M, peak: 96M
current process commit charge ("private bytes"): 223M, peak: 224M

vm_info: OpenJDK 64-Bit Server VM (20.0.2+9-78) for windows-amd64 JRE (20.0.2+9-78), built on 2023-06-14T10:08:48Z by "mach5one" with MS VC++ 17.1 (VS2022)

END.
